12.1784 	EXP 	Created window1 = Window(allowGUI=True, allowStencil=False, args=UNKNOWN, autoLog=True, bitsMode=UNKNOWN, blendMode='avg', color=array([0., 0., 0.]), colorSpace='rgb', fullscr=<method-wrapper '__getattribute__' of attributeSetter object at 0x0000016FE9975E80>, gamma=None, gammaErrorPolicy='raise', kwargs=UNKNOWN, lms=UNKNOWN, monitor=<psychopy.monitors.calibTools.Monitor object at 0x0000016FEAB152B0>, multiSample=False, name='window1', numSamples=2, pos=[0.0, 0.0], screen=0, size=array([1680, 1050]), stereo=False, units='height', useFBO=True, useRetina=False, viewOri=0.0, viewPos=None, viewScale=None, waitBlanking=True, winType='pyglet')
12.1784 	EXP 	window1: recordFrameIntervals = False
12.3449 	EXP 	window1: recordFrameIntervals = True
12.5282 	EXP 	window1: recordFrameIntervals = False
12.8161 	EXP 	Created TODO = TextStim(__class__=<class 'psychopy.visual.text.TextStim'>, alignHoriz='center', alignVert='center', antialias=True, autoLog=True, bold=False, color='white', colorSpace='named', contrast=1.0, depth=0.0, flipHoriz=False, flipVert=False, font='Arial', fontFiles=[], height=0.05, italic=False, languageStyle='LTR', name='TODO', opacity=1.0, ori=0, pos=array([0., 0.]), rgb=array([255., 255., 255.]), text=str(...), units='height', win=Window(...), wrapWidth=1)
12.8182 	EXP 	Created baselineImage = ImageStim(__class__=<class 'psychopy.visual.image.ImageStim'>, autoLog=True, color=array([1., 1., 1.]), colorSpace='rgb', contrast=1.0, depth=0.0, flipHoriz=False, flipVert=False, image='sin', interpolate=True, mask=None, maskParams=None, name='baselineImage', opacity=1.0, ori=0.0, pos=array([0., 0.]), size=array([2.  , 1.33]), texRes=128, units='height', win=Window(...))
14.8469 	EXP 	Created image = ImageStim(__class__=<class 'psychopy.visual.image.ImageStim'>, autoLog=True, color=array([1., 1., 1.]), colorSpace='rgb', contrast=1.0, depth=0.0, flipHoriz=False, flipVert=False, image='sin', interpolate=True, mask=None, maskParams=None, name='image', opacity=1.0, ori=0.0, pos=array([0., 0.]), size=array([2.  , 1.33]), texRes=128, units='height', win=Window(...))
14.8903 	EXP 	Created rating = RatingScale(__class__=type(...), acceptKeys=['return'], acceptPreText=UNKNOWN, acceptSize=UNKNOWN, acceptText='accept?', autoLog=True, choices=['Yes', 'No'], depth=0, disappear=False, flipVert=False, high=1, kwargs=UNKNOWN, labels=list(...), leftKeys=['left'], lineColor='White', low=0, marker=ShapeStim(...), markerColor='DarkBlue', markerExpansion=UNKNOWN, markerStart=None, maxTime=0.0, minTime=0.4, mouseOnly=False, name='rating', noMouse=False, pos=[0.0, -0.4], precision=1, respKeys=['0', '1'], rightKeys=['right'], scale='<default>', self=UNKNOWN, showAccept=True, showValue=True, singleClick=False, size=0.6, skipKeys=['tab'], stretch=1.0, textColor='LightGray', textFont='Helvetica Bold', textSize=0.12, tickHeight=-1, tickMarks=1.0, win=Window(...))
14.8969 	EXP 	Created RatingText = TextStim(__class__=<class 'psychopy.visual.text.TextStim'>, alignHoriz='center', alignVert='center', antialias=True, autoLog=True, bold=False, color='white', colorSpace='named', contrast=1.0, depth=-2.0, flipHoriz=False, flipVert=False, font='Arial', fontFiles=[], height=0.05, italic=False, languageStyle='LTR', name='RatingText', opacity=1.0, ori=0, pos=array([0., 0.]), rgb=array([255., 255., 255.]), text='default text', units='height', win=Window(...), wrapWidth=1)
14.9150 	EXP 	Created ThanksText = TextStim(__class__=<class 'psychopy.visual.text.TextStim'>, alignHoriz='center', alignVert='center', antialias=True, autoLog=True, bold=False, color='white', colorSpace='named', contrast=1.0, depth=0.0, flipHoriz=False, flipVert=False, font='Arial', fontFiles=[], height=0.05, italic=False, languageStyle='LTR', name='ThanksText', opacity=1.0, ori=0, pos=array([0., 0.]), rgb=array([255., 255., 255.]), text=str(...), units='height', win=Window(...), wrapWidth=1)
14.9501 	EXP 	rating: flipVert = False
14.9501 	EXP 	rating: autoLog = True
14.9501 	EXP 	TODO: autoDraw = True
16.0686 	DATA 	Keypress: return
16.1396 	EXP 	Imported womenimgUrl.xlsx as conditions, 33 conditions, 2 params
16.1405 	EXP 	Created sequence: sequential, trialTypes=33, nReps=1, seed=None
16.1407 	EXP 	New trial (rep=0, index=0): OrderedDict([('Original', 'women1/1-original.jpg,women1/1-scramble.jpg'), ('Scramble', None)])
16.2508 	EXP 	TODO: autoDraw = False
16.2508 	EXP 	baselineImage: image = None
16.2508 	EXP 	baselineImage: autoDraw = True
18.1330 	ERROR 	Couldn't find image women1/1-original.jpg,women1/1-scramble.jpg; check path? (tried: E:\skyarup\TobbiSwiping\women1\1-original.jpg,women1\1-scramble.jpg)
18.5874 	EXP 	window1: mouseVisible = True
