7.5522 	EXP 	Created window1 = Window(allowGUI=True, allowStencil=False, args=UNKNOWN, autoLog=True, bitsMode=UNKNOWN, blendMode='avg', color=array([0., 0., 0.]), colorSpace='rgb', fullscr=<method-wrapper '__getattribute__' of attributeSetter object at 0x0000021320C22E80>, gamma=None, gammaErrorPolicy='raise', kwargs=UNKNOWN, lms=UNKNOWN, monitor=<psychopy.monitors.calibTools.Monitor object at 0x0000021320CA52B0>, multiSample=False, name='window1', numSamples=2, pos=[0.0, 0.0], screen=0, size=array([1680, 1050]), stereo=False, units='height', useFBO=True, useRetina=False, viewOri=0.0, viewPos=None, viewScale=None, waitBlanking=True, winType='pyglet')
7.5523 	EXP 	window1: recordFrameIntervals = False
7.7175 	EXP 	window1: recordFrameIntervals = True
7.9018 	EXP 	window1: recordFrameIntervals = False
8.2180 	EXP 	Created TODO = TextStim(__class__=<class 'psychopy.visual.text.TextStim'>, alignHoriz='center', alignVert='center', antialias=True, autoLog=True, bold=False, color='white', colorSpace='named', contrast=1.0, depth=0.0, flipHoriz=False, flipVert=False, font='Arial', fontFiles=[], height=0.05, italic=False, languageStyle='LTR', name='TODO', opacity=1.0, ori=0, pos=array([0., 0.]), rgb=array([255., 255., 255.]), text=str(...), units='height', win=Window(...), wrapWidth=1)
8.2200 	EXP 	Created baselineImage = ImageStim(__class__=<class 'psychopy.visual.image.ImageStim'>, autoLog=True, color=array([1., 1., 1.]), colorSpace='rgb', contrast=1.0, depth=0.0, flipHoriz=False, flipVert=False, image='sin', interpolate=True, mask=None, maskParams=None, name='baselineImage', opacity=1.0, ori=0.0, pos=array([0., 0.]), size=array([2.  , 1.33]), texRes=128, units='height', win=Window(...))
10.2536 	EXP 	Created image = ImageStim(__class__=<class 'psychopy.visual.image.ImageStim'>, autoLog=True, color=array([1., 1., 1.]), colorSpace='rgb', contrast=1.0, depth=0.0, flipHoriz=False, flipVert=False, image='sin', interpolate=True, mask=None, maskParams=None, name='image', opacity=1.0, ori=0.0, pos=array([0., 0.]), size=array([2.  , 1.33]), texRes=128, units='height', win=Window(...))
10.3465 	EXP 	Created rating = RatingScale(__class__=type(...), acceptKeys=['return'], acceptPreText=UNKNOWN, acceptSize=UNKNOWN, acceptText='accept?', autoLog=True, choices=False, depth=0, disappear=False, flipVert=False, high=5, kwargs=UNKNOWN, labels=list(...), leftKeys=['left'], lineColor='White', low=1, marker=ShapeStim(...), markerColor='DarkBlue', markerExpansion=UNKNOWN, markerStart=None, maxTime=0.0, minTime=0.4, mouseOnly=False, name='rating', noMouse=False, pos=[0.0, -0.4], precision=1, respKeys=['1', '2', '3', '4', '5'], rightKeys=['right'], scale='<default>', self=UNKNOWN, showAccept=True, showValue=True, singleClick=False, size=0.6, skipKeys=['tab'], stretch=1.0, textColor='LightGray', textFont='Helvetica Bold', textSize=0.12, tickHeight=-1, tickMarks=4.0, win=Window(...))
10.3525 	EXP 	Created RatingText = TextStim(__class__=<class 'psychopy.visual.text.TextStim'>, alignHoriz='center', alignVert='center', antialias=True, autoLog=True, bold=False, color='white', colorSpace='named', contrast=1.0, depth=-2.0, flipHoriz=False, flipVert=False, font='Arial', fontFiles=[], height=0.05, italic=False, languageStyle='LTR', name='RatingText', opacity=1.0, ori=0, pos=array([0., 0.]), rgb=array([255., 255., 255.]), text='default text', units='height', win=Window(...), wrapWidth=1)
10.3692 	EXP 	Created ThanksText = TextStim(__class__=<class 'psychopy.visual.text.TextStim'>, alignHoriz='center', alignVert='center', antialias=True, autoLog=True, bold=False, color='white', colorSpace='named', contrast=1.0, depth=0.0, flipHoriz=False, flipVert=False, font='Arial', fontFiles=[], height=0.05, italic=False, languageStyle='LTR', name='ThanksText', opacity=1.0, ori=0, pos=array([0., 0.]), rgb=array([255., 255., 255.]), text=str(...), units='height', win=Window(...), wrapWidth=1)
10.4044 	EXP 	rating: flipVert = False
10.4044 	EXP 	rating: autoLog = True
10.4044 	EXP 	TODO: autoDraw = True
10.9591 	DATA 	Keypress: space
11.0420 	EXP 	Imported womenimgUrl.xlsx as conditions, 33 conditions, 2 params
11.0423 	EXP 	Created sequence: random, trialTypes=33, nReps=1, seed=None
11.0426 	EXP 	New trial (rep=0, index=0): OrderedDict([('Original', 'women1/23-original.jpg'), ('Scramble', 'women1/23-scramble.jpg')])
11.2168 	EXP 	TODO: autoDraw = False
11.2168 	EXP 	baselineImage: image = 'women1/23-scramble.jpg'
11.2168 	EXP 	baselineImage: autoDraw = True
13.2259 	EXP 	baselineImage: autoDraw = False
13.2259 	EXP 	image: image = 'women1/23-original.jpg'
13.2259 	EXP 	image: autoDraw = True
17.9783 	EXP 	RatingScale rating: reset()
18.0246 	EXP 	image: autoDraw = False
18.0246 	EXP 	RatingText: text = 'Do you like this image?'
18.0246 	EXP 	rating: autoDraw = True
18.0246 	EXP 	RatingText: autoDraw = True
24.7043 	DATA 	Mouse: Left button down, pos=(1085,320)
24.8212 	DATA 	Mouse:  Left button up, pos=(1085,320)
29.6259 	DATA 	Mouse: Left button down, pos=(832,317)
29.7376 	DATA 	Mouse:  Left button up, pos=(832,317)
31.1927 	DATA 	Mouse: Left button down, pos=(717,315)
31.2748 	DATA 	Mouse:  Left button up, pos=(717,315)
32.1273 	DATA 	Mouse: Left button down, pos=(589,318)
32.1942 	DATA 	Mouse:  Left button up, pos=(589,318)
33.1939 	EXP 	New trial (rep=0, index=1): OrderedDict([('Original', 'women1/24-original.jpg'), ('Scramble', 'women1/24-scramble.jpg')])
33.3662 	DATA 	Keypress: lalt
33.3772 	EXP 	rating: autoDraw = False
33.3772 	EXP 	RatingText: autoDraw = False
33.3772 	EXP 	baselineImage: image = 'women1/24-scramble.jpg'
33.3772 	EXP 	baselineImage: autoDraw = True
35.3840 	EXP 	baselineImage: autoDraw = False
35.3840 	EXP 	image: image = 'women1/24-original.jpg'
35.3840 	EXP 	image: autoDraw = True
40.2105 	EXP 	RatingScale rating: reset()
40.2202 	EXP 	New trial (rep=0, index=2): OrderedDict([('Original', 'women1/30-original.jpg'), ('Scramble', 'women1/30-scramble.jpg')])
40.4444 	EXP 	image: autoDraw = False
40.4444 	EXP 	RatingText: text = 'Do you like this image?'
40.4444 	EXP 	rating: autoDraw = True
40.4444 	EXP 	RatingText: autoDraw = True
40.4444 	EXP 	rating: autoDraw = False
40.4444 	EXP 	RatingText: autoDraw = False
40.4444 	EXP 	baselineImage: image = 'women1/30-scramble.jpg'
40.4444 	EXP 	baselineImage: autoDraw = True
42.4517 	EXP 	baselineImage: autoDraw = False
42.4517 	EXP 	image: image = 'women1/30-original.jpg'
42.4517 	EXP 	image: autoDraw = True
44.8485 	DATA 	Keypress: escape
45.4560 	EXP 	window1: mouseVisible = True
