8.2731 	EXP 	Created window1 = Window(allowGUI=True, allowStencil=False, args=UNKNOWN, autoLog=True, bitsMode=UNKNOWN, blendMode='avg', color=array([0., 0., 0.]), colorSpace='rgb', fullscr=<method-wrapper '__getattribute__' of attributeSetter object at 0x000001A578A82EF0>, gamma=None, gammaErrorPolicy='raise', kwargs=UNKNOWN, lms=UNKNOWN, monitor=<psychopy.monitors.calibTools.Monitor object at 0x000001A578B05320>, multiSample=False, name='window1', numSamples=2, pos=[0.0, 0.0], screen=0, size=array([1680, 1050]), stereo=False, units='height', useFBO=True, useRetina=False, viewOri=0.0, viewPos=None, viewScale=None, waitBlanking=True, winType='pyglet')
8.2732 	EXP 	window1: recordFrameIntervals = False
8.4383 	EXP 	window1: recordFrameIntervals = True
8.6223 	EXP 	window1: recordFrameIntervals = False
8.9524 	EXP 	Created TODO = TextStim(__class__=<class 'psychopy.visual.text.TextStim'>, alignHoriz='center', alignVert='center', antialias=True, autoLog=True, bold=False, color='white', colorSpace='named', contrast=1.0, depth=0.0, flipHoriz=False, flipVert=False, font='Arial', fontFiles=[], height=0.05, italic=False, languageStyle='LTR', name='TODO', opacity=1.0, ori=0, pos=array([0., 0.]), rgb=array([255., 255., 255.]), text=str(...), units='height', win=Window(...), wrapWidth=1)
8.9544 	EXP 	Created baselineImage = ImageStim(__class__=<class 'psychopy.visual.image.ImageStim'>, autoLog=True, color=array([1., 1., 1.]), colorSpace='rgb', contrast=1.0, depth=0.0, flipHoriz=False, flipVert=False, image='sin', interpolate=True, mask=None, maskParams=None, name='baselineImage', opacity=1.0, ori=0.0, pos=array([0., 0.]), size=array([2.  , 1.33]), texRes=128, units='height', win=Window(...))
10.9912 	EXP 	Created image = ImageStim(__class__=<class 'psychopy.visual.image.ImageStim'>, autoLog=True, color=array([1., 1., 1.]), colorSpace='rgb', contrast=1.0, depth=0.0, flipHoriz=False, flipVert=False, image='sin', interpolate=True, mask=None, maskParams=None, name='image', opacity=1.0, ori=0.0, pos=array([0., 0.]), size=array([2.  , 1.33]), texRes=128, units='height', win=Window(...))
11.0644 	EXP 	Created rating = RatingScale(__class__=type(...), acceptKeys=['return'], acceptPreText=UNKNOWN, acceptSize=UNKNOWN, acceptText='accept?', autoLog=True, choices=False, depth=0, disappear=False, flipVert=False, high=4, kwargs=UNKNOWN, labels=list(...), leftKeys=['left'], lineColor='White', low=1, marker=ShapeStim(...), markerColor='DarkBlue', markerExpansion=UNKNOWN, markerStart=None, maxTime=0.0, minTime=0.4, mouseOnly=False, name='rating', noMouse=False, pos=[0.0, -0.4], precision=1, respKeys=['1', '2', '3', '4'], rightKeys=['right'], scale=None, self=UNKNOWN, showAccept=True, showValue=True, singleClick=False, size=0.6, skipKeys=['tab'], stretch=1.0, textColor='LightGray', textFont='Helvetica Bold', textSize=0.12, tickHeight=-1, tickMarks=3.0, win=Window(...))
11.0709 	EXP 	Created RatingText = TextStim(__class__=<class 'psychopy.visual.text.TextStim'>, alignHoriz='center', alignVert='center', antialias=True, autoLog=True, bold=False, color='white', colorSpace='named', contrast=1.0, depth=-2.0, flipHoriz=False, flipVert=False, font='Arial', fontFiles=[], height=0.05, italic=False, languageStyle='LTR', name='RatingText', opacity=1.0, ori=0, pos=array([0., 0.]), rgb=array([255., 255., 255.]), text='default text', units='height', win=Window(...), wrapWidth=1)
11.0881 	EXP 	Created ThanksText = TextStim(__class__=<class 'psychopy.visual.text.TextStim'>, alignHoriz='center', alignVert='center', antialias=True, autoLog=True, bold=False, color='white', colorSpace='named', contrast=1.0, depth=0.0, flipHoriz=False, flipVert=False, font='Arial', fontFiles=[], height=0.05, italic=False, languageStyle='LTR', name='ThanksText', opacity=1.0, ori=0, pos=array([0., 0.]), rgb=array([255., 255., 255.]), text=str(...), units='height', win=Window(...), wrapWidth=1)
11.1234 	EXP 	rating: flipVert = False
11.1234 	EXP 	rating: autoLog = True
11.1234 	EXP 	TODO: autoDraw = True
11.8136 	DATA 	Keypress: space
11.8974 	EXP 	Imported womenimgUrl.xlsx as conditions, 33 conditions, 2 params
11.8977 	EXP 	Created sequence: random, trialTypes=33, nReps=1, seed=None
11.8980 	EXP 	New trial (rep=0, index=0): OrderedDict([('Original', 'women1/6-original.jpg'), ('Scramble', 'women1/6-scramble.jpg')])
12.0599 	EXP 	TODO: autoDraw = False
12.0599 	EXP 	baselineImage: image = 'women1/6-scramble.jpg'
12.0599 	EXP 	baselineImage: autoDraw = True
14.0737 	EXP 	baselineImage: autoDraw = False
14.0737 	EXP 	image: image = 'women1/6-original.jpg'
14.0737 	EXP 	image: autoDraw = True
18.8352 	EXP 	RatingScale rating: reset()
18.9027 	EXP 	image: autoDraw = False
18.9027 	EXP 	RatingText: text = 'Do you like this image?'
18.9027 	EXP 	rating: autoDraw = True
18.9027 	EXP 	RatingText: autoDraw = True
35.2822 	DATA 	Mouse: Left button down, pos=(928,323)
35.3822 	DATA 	Mouse:  Left button up, pos=(928,323)
36.2159 	DATA 	Mouse: Left button down, pos=(753,320)
36.3485 	DATA 	Mouse:  Left button up, pos=(753,320)
54.2794 	DATA 	Keypress: lalt
54.2959 	EXP 	New trial (rep=0, index=1): OrderedDict([('Original', 'women1/3-original.jpg'), ('Scramble', 'women1/3-scramble.jpg')])
54.4795 	EXP 	rating: autoDraw = False
54.4795 	EXP 	RatingText: autoDraw = False
54.4795 	EXP 	baselineImage: image = 'women1/3-scramble.jpg'
54.4795 	EXP 	baselineImage: autoDraw = True
56.5853 	EXP 	baselineImage: autoDraw = False
56.5853 	EXP 	image: image = 'women1/3-original.jpg'
56.5853 	EXP 	image: autoDraw = True
57.7168 	DATA 	Keypress: lalt
58.4019 	DATA 	Keypress: escape
58.9277 	EXP 	window1: mouseVisible = True
