9.1613 	EXP 	Created window1 = Window(allowGUI=True, allowStencil=False, args=UNKNOWN, autoLog=True, bitsMode=UNKNOWN, blendMode='avg', color=array([0., 0., 0.]), colorSpace='rgb', fullscr=<method-wrapper '__getattribute__' of attributeSetter object at 0x000002216EBD0C88>, gamma=None, gammaErrorPolicy='raise', kwargs=UNKNOWN, lms=UNKNOWN, monitor=<psychopy.monitors.calibTools.Monitor object at 0x000002216EC550B8>, multiSample=False, name='window1', numSamples=2, pos=[0.0, 0.0], screen=0, size=array([1680, 1050]), stereo=False, units='height', useFBO=True, useRetina=False, viewOri=0.0, viewPos=None, viewScale=None, waitBlanking=True, winType='pyglet')
9.1614 	EXP 	window1: recordFrameIntervals = False
9.3272 	EXP 	window1: recordFrameIntervals = True
9.5105 	EXP 	window1: recordFrameIntervals = False
9.8238 	EXP 	Created TODO = TextStim(__class__=<class 'psychopy.visual.text.TextStim'>, alignHoriz='center', alignVert='center', antialias=True, autoLog=True, bold=False, color='white', colorSpace='named', contrast=1.0, depth=0.0, flipHoriz=False, flipVert=False, font='Arial', fontFiles=[], height=0.05, italic=False, languageStyle='LTR', name='TODO', opacity=1.0, ori=0, pos=array([0., 0.]), rgb=array([255., 255., 255.]), text=str(...), units='height', win=Window(...), wrapWidth=1)
9.8261 	EXP 	Created baselineImage = ImageStim(__class__=<class 'psychopy.visual.image.ImageStim'>, autoLog=True, color=array([1., 1., 1.]), colorSpace='rgb', contrast=1.0, depth=0.0, flipHoriz=False, flipVert=False, image='sin', interpolate=True, mask=None, maskParams=None, name='baselineImage', opacity=1.0, ori=0.0, pos=array([0., 0.]), size=array([2.  , 1.33]), texRes=128, units='height', win=Window(...))
11.8581 	EXP 	Created image = ImageStim(__class__=<class 'psychopy.visual.image.ImageStim'>, autoLog=True, color=array([1., 1., 1.]), colorSpace='rgb', contrast=1.0, depth=0.0, flipHoriz=False, flipVert=False, image='sin', interpolate=True, mask=None, maskParams=None, name='image', opacity=1.0, ori=0.0, pos=array([0., 0.]), size=array([2.  , 1.33]), texRes=128, units='height', win=Window(...))
11.9171 	EXP 	Created rating = RatingScale(__class__=type(...), acceptKeys=['return'], acceptPreText=UNKNOWN, acceptSize=UNKNOWN, acceptText='accept?', autoLog=True, choices=['Yes', 'No'], depth=0, disappear=False, flipVert=False, high=1, kwargs=UNKNOWN, labels=list(...), leftKeys=['left'], lineColor='White', low=0, marker=ShapeStim(...), markerColor='DarkBlue', markerExpansion=UNKNOWN, markerStart=None, maxTime=0.0, minTime=0.4, mouseOnly=False, name='rating', noMouse=False, pos=[0.0, -0.4], precision=1, respKeys=['0', '1'], rightKeys=['right'], scale='<default>', self=UNKNOWN, showAccept=True, showValue=True, singleClick=False, size=0.6, skipKeys=['tab'], stretch=1.0, textColor='LightGray', textFont='Helvetica Bold', textSize=0.12, tickHeight=-1, tickMarks=1.0, win=Window(...))
11.9231 	EXP 	Created RatingText = TextStim(__class__=<class 'psychopy.visual.text.TextStim'>, alignHoriz='center', alignVert='center', antialias=True, autoLog=True, bold=False, color='white', colorSpace='named', contrast=1.0, depth=-2.0, flipHoriz=False, flipVert=False, font='Arial', fontFiles=[], height=0.05, italic=False, languageStyle='LTR', name='RatingText', opacity=1.0, ori=0, pos=array([0., 0.]), rgb=array([255., 255., 255.]), text='default text', units='height', win=Window(...), wrapWidth=1)
11.9408 	EXP 	Created ThanksText = TextStim(__class__=<class 'psychopy.visual.text.TextStim'>, alignHoriz='center', alignVert='center', antialias=True, autoLog=True, bold=False, color='white', colorSpace='named', contrast=1.0, depth=0.0, flipHoriz=False, flipVert=False, font='Arial', fontFiles=[], height=0.05, italic=False, languageStyle='LTR', name='ThanksText', opacity=1.0, ori=0, pos=array([0., 0.]), rgb=array([255., 255., 255.]), text=str(...), units='height', win=Window(...), wrapWidth=1)
11.9762 	EXP 	rating: flipVert = False
11.9762 	EXP 	rating: autoLog = True
11.9762 	EXP 	TODO: autoDraw = True
12.6281 	EXP 	Imported menimgUrl1.xlsx as conditions, 2 conditions, 2 params
12.6283 	EXP 	Created sequence: sequential, trialTypes=2, nReps=1, seed=None
12.6285 	EXP 	New trial (rep=0, index=0): OrderedDict([('Original', 'men/1-original.jpg'), ('Scramble', 'men/1-scramble.jpg')])
13.2477 	DATA 	Keypress: space
13.2662 	EXP 	TODO: autoDraw = False
13.2662 	EXP 	baselineImage: image = 'men/1-scramble.jpg'
13.2662 	EXP 	baselineImage: autoDraw = True
15.4787 	EXP 	baselineImage: autoDraw = False
15.4787 	EXP 	image: image = 'men/1-original.jpg'
15.4787 	EXP 	image: autoDraw = True
19.5912 	EXP 	RatingScale rating: reset()
19.6388 	EXP 	image: autoDraw = False
19.6388 	EXP 	RatingText: text = 'Do you like this image?'
19.6388 	EXP 	rating: autoDraw = True
19.6388 	EXP 	RatingText: autoDraw = True
21.1303 	DATA 	Mouse: Left button down, pos=(608,318)
21.2405 	DATA 	Mouse:  Left button up, pos=(608,318)
22.7424 	DATA 	Mouse: Left button down, pos=(790,198)
22.7427 	DATA 	RatingScale rating: (mouse response) rating=Yes
22.7427 	DATA 	RatingScale rating: rating RT=3.121
22.7427 	DATA 	RatingScale rating: history=[(None, 0.0), ('Yes', 1.509), ('Yes', 3.121)]
22.7580 	EXP 	New trial (rep=0, index=1): OrderedDict([('Original', 'men/2-original.jpg'), ('Scramble', 'men/2-scramble.jpg')])
23.3530 	DATA 	Mouse:  Left button up, pos=(790,198)
23.3640 	EXP 	rating: autoDraw = False
23.3640 	EXP 	RatingText: autoDraw = False
23.3640 	EXP 	baselineImage: image = 'men/2-scramble.jpg'
23.3640 	EXP 	baselineImage: autoDraw = True
24.8444 	EXP 	window1: mouseVisible = True
