6.8129 	DATA 	Mouse: Left button down, pos=(796,619)
6.8141 	DATA 	Mouse:  Left button up, pos=(796,619)
7.1502 	EXP 	Created window1 = Window(allowGUI=True, allowStencil=False, args=UNKNOWN, autoLog=True, bitsMode=UNKNOWN, blendMode='avg', color=array([0., 0., 0.]), colorSpace='rgb', fullscr=<method-wrapper '__getattribute__' of attributeSetter object at 0x000002205D3C3EB8>, gamma=None, gammaErrorPolicy='raise', kwargs=UNKNOWN, lms=UNKNOWN, monitor=<psychopy.monitors.calibTools.Monitor object at 0x000002205D4462E8>, multiSample=False, name='window1', numSamples=2, pos=[0.0, 0.0], screen=0, size=array([1680, 1050]), stereo=False, units='height', useFBO=True, useRetina=False, viewOri=0.0, viewPos=None, viewScale=None, waitBlanking=True, winType='pyglet')
7.1503 	EXP 	window1: recordFrameIntervals = False
7.3149 	EXP 	window1: recordFrameIntervals = True
7.4987 	EXP 	window1: recordFrameIntervals = False
7.7776 	EXP 	Created TODO = TextStim(__class__=<class 'psychopy.visual.text.TextStim'>, alignHoriz='center', alignVert='center', antialias=True, autoLog=True, bold=False, color='white', colorSpace='named', contrast=1.0, depth=0.0, flipHoriz=False, flipVert=False, font='Arial', fontFiles=[], height=0.05, italic=False, languageStyle='LTR', name='TODO', opacity=1.0, ori=0, pos=array([0., 0.]), rgb=array([255., 255., 255.]), text=str(...), units='height', win=Window(...), wrapWidth=1)
7.7798 	EXP 	Created baselineImage = ImageStim(__class__=<class 'psychopy.visual.image.ImageStim'>, autoLog=True, color=array([1., 1., 1.]), colorSpace='rgb', contrast=1.0, depth=0.0, flipHoriz=False, flipVert=False, image='sin', interpolate=True, mask=None, maskParams=None, name='baselineImage', opacity=1.0, ori=0.0, pos=array([0., 0.]), size=array([2.  , 1.33]), texRes=128, units='height', win=Window(...))
9.8170 	EXP 	Created image = ImageStim(__class__=<class 'psychopy.visual.image.ImageStim'>, autoLog=True, color=array([1., 1., 1.]), colorSpace='rgb', contrast=1.0, depth=0.0, flipHoriz=False, flipVert=False, image='sin', interpolate=True, mask=None, maskParams=None, name='image', opacity=1.0, ori=0.0, pos=array([0., 0.]), size=array([2.  , 1.33]), texRes=128, units='height', win=Window(...))
9.9061 	EXP 	Created rating = RatingScale(__class__=type(...), acceptKeys=['return'], acceptPreText=UNKNOWN, acceptSize=UNKNOWN, acceptText='accept?', autoLog=True, choices=False, depth=0, disappear=False, flipVert=False, high=4, kwargs=UNKNOWN, labels=list(...), leftKeys=['left'], lineColor='White', low=1, marker=ShapeStim(...), markerColor='DarkBlue', markerExpansion=UNKNOWN, markerStart=None, maxTime=0.0, minTime=0.4, mouseOnly=False, name='rating', noMouse=False, pos=[0.0, -0.4], precision=1, respKeys=['1', '2', '3', '4'], rightKeys=['right'], scale='<3,4>=Liked, <1,2>=Disliked', self=UNKNOWN, showAccept=True, showValue=True, singleClick=False, size=0.6, skipKeys=['tab'], stretch=1.0, textColor='LightGray', textFont='Helvetica Bold', textSize=0.12, tickHeight=-1, tickMarks=3.0, win=Window(...))
9.9124 	EXP 	Created RatingText = TextStim(__class__=<class 'psychopy.visual.text.TextStim'>, alignHoriz='center', alignVert='center', antialias=True, autoLog=True, bold=False, color='white', colorSpace='named', contrast=1.0, depth=-2.0, flipHoriz=False, flipVert=False, font='Arial', fontFiles=[], height=0.05, italic=False, languageStyle='LTR', name='RatingText', opacity=1.0, ori=0, pos=array([0., 0.]), rgb=array([255., 255., 255.]), text='default text', units='height', win=Window(...), wrapWidth=1)
9.9292 	EXP 	Created ThanksText = TextStim(__class__=<class 'psychopy.visual.text.TextStim'>, alignHoriz='center', alignVert='center', antialias=True, autoLog=True, bold=False, color='white', colorSpace='named', contrast=1.0, depth=0.0, flipHoriz=False, flipVert=False, font='Arial', fontFiles=[], height=0.05, italic=False, languageStyle='LTR', name='ThanksText', opacity=1.0, ori=0, pos=array([0., 0.]), rgb=array([255., 255., 255.]), text=str(...), units='height', win=Window(...), wrapWidth=1)
9.9648 	EXP 	rating: flipVert = False
9.9648 	EXP 	rating: autoLog = True
9.9648 	EXP 	TODO: autoDraw = True
10.6238 	DATA 	Mouse: Left button down, pos=(793,594)
10.6714 	DATA 	Mouse:  Left button up, pos=(793,594)
12.2529 	EXP 	Imported womenimgUrl.xlsx as conditions, 33 conditions, 2 params
12.2536 	EXP 	Created sequence: random, trialTypes=33, nReps=1, seed=None
12.2541 	EXP 	New trial (rep=0, index=0): OrderedDict([('Original', 'women1/18-original.jpg'), ('Scramble', 'women1/18-scramble.jpg')])
12.3971 	DATA 	Keypress: space
12.4083 	EXP 	TODO: autoDraw = False
12.4083 	EXP 	baselineImage: image = 'women1/18-scramble.jpg'
12.4083 	EXP 	baselineImage: autoDraw = True
14.4606 	EXP 	baselineImage: autoDraw = False
14.4606 	EXP 	image: image = 'women1/18-original.jpg'
14.4606 	EXP 	image: autoDraw = True
19.2234 	EXP 	RatingScale rating: reset()
19.2727 	EXP 	image: autoDraw = False
19.2727 	EXP 	RatingText: text = 'Do you like this image?'
19.2727 	EXP 	rating: autoDraw = True
19.2727 	EXP 	RatingText: autoDraw = True
22.5186 	DATA 	Mouse: Left button down, pos=(760,312)
22.6153 	DATA 	Mouse:  Left button up, pos=(760,312)
23.7026 	DATA 	Mouse: Left button down, pos=(923,319)
23.8159 	DATA 	Mouse:  Left button up, pos=(923,319)
24.5044 	DATA 	Mouse: Left button down, pos=(1085,313)
24.6333 	DATA 	Mouse:  Left button up, pos=(1085,313)
25.5191 	DATA 	Mouse: Left button down, pos=(746,318)
25.6173 	DATA 	Mouse:  Left button up, pos=(746,318)
26.6201 	DATA 	Mouse: Left button down, pos=(924,315)
26.7349 	DATA 	Mouse:  Left button up, pos=(924,315)
32.6072 	DATA 	Keypress: escape
32.9932 	EXP 	window1: mouseVisible = True
