7.5585 	EXP 	Created window1 = Window(allowGUI=True, allowStencil=False, args=UNKNOWN, autoLog=True, bitsMode=UNKNOWN, blendMode='avg', color=array([0., 0., 0.]), colorSpace='rgb', fullscr=<method-wrapper '__getattribute__' of attributeSetter object at 0x0000018133002E80>, gamma=None, gammaErrorPolicy='raise', kwargs=UNKNOWN, lms=UNKNOWN, monitor=<psychopy.monitors.calibTools.Monitor object at 0x00000181330852B0>, multiSample=False, name='window1', numSamples=2, pos=[0.0, 0.0], screen=0, size=array([1680, 1050]), stereo=False, units='height', useFBO=True, useRetina=False, viewOri=0.0, viewPos=None, viewScale=None, waitBlanking=True, winType='pyglet')
7.5586 	EXP 	window1: recordFrameIntervals = False
7.7234 	EXP 	window1: recordFrameIntervals = True
7.9075 	EXP 	window1: recordFrameIntervals = False
8.2175 	EXP 	Created TODO = TextStim(__class__=<class 'psychopy.visual.text.TextStim'>, alignHoriz='center', alignVert='center', antialias=True, autoLog=True, bold=False, color='white', colorSpace='named', contrast=1.0, depth=0.0, flipHoriz=False, flipVert=False, font='Arial', fontFiles=[], height=0.05, italic=False, languageStyle='LTR', name='TODO', opacity=1.0, ori=0, pos=array([0., 0.]), rgb=array([255., 255., 255.]), text=str(...), units='height', win=Window(...), wrapWidth=1)
8.2200 	EXP 	Created baselineImage = ImageStim(__class__=<class 'psychopy.visual.image.ImageStim'>, autoLog=True, color=array([1., 1., 1.]), colorSpace='rgb', contrast=1.0, depth=0.0, flipHoriz=False, flipVert=False, image='sin', interpolate=True, mask=None, maskParams=None, name='baselineImage', opacity=1.0, ori=0.0, pos=array([0., 0.]), size=array([2.  , 1.33]), texRes=128, units='height', win=Window(...))
10.2532 	EXP 	Created image = ImageStim(__class__=<class 'psychopy.visual.image.ImageStim'>, autoLog=True, color=array([1., 1., 1.]), colorSpace='rgb', contrast=1.0, depth=0.0, flipHoriz=False, flipVert=False, image='sin', interpolate=True, mask=None, maskParams=None, name='image', opacity=1.0, ori=0.0, pos=array([0., 0.]), size=array([2.  , 1.33]), texRes=128, units='height', win=Window(...))
10.3330 	EXP 	Created rating = RatingScale(__class__=type(...), acceptKeys=['return'], acceptPreText=UNKNOWN, acceptSize=UNKNOWN, acceptText='accept?', autoLog=True, choices=['Yes', 'No'], depth=0, disappear=False, flipVert=False, high=1, kwargs=UNKNOWN, labels=list(...), leftKeys=['left'], lineColor='White', low=0, marker=ShapeStim(...), markerColor='DarkBlue', markerExpansion=UNKNOWN, markerStart=None, maxTime=0.0, minTime=0.4, mouseOnly=False, name='rating', noMouse=False, pos=[0.0, -0.4], precision=1, respKeys=['0', '1'], rightKeys=['right'], scale='<default>', self=UNKNOWN, showAccept=True, showValue=True, singleClick=False, size=0.6, skipKeys=['tab'], stretch=1.0, textColor='LightGray', textFont='Helvetica Bold', textSize=0.12, tickHeight=-1, tickMarks=1.0, win=Window(...))
10.3398 	EXP 	Created RatingText = TextStim(__class__=<class 'psychopy.visual.text.TextStim'>, alignHoriz='center', alignVert='center', antialias=True, autoLog=True, bold=False, color='white', colorSpace='named', contrast=1.0, depth=-2.0, flipHoriz=False, flipVert=False, font='Arial', fontFiles=[], height=0.05, italic=False, languageStyle='LTR', name='RatingText', opacity=1.0, ori=0, pos=array([0., 0.]), rgb=array([255., 255., 255.]), text='default text', units='height', win=Window(...), wrapWidth=1)
10.3580 	EXP 	Created ThanksText = TextStim(__class__=<class 'psychopy.visual.text.TextStim'>, alignHoriz='center', alignVert='center', antialias=True, autoLog=True, bold=False, color='white', colorSpace='named', contrast=1.0, depth=0.0, flipHoriz=False, flipVert=False, font='Arial', fontFiles=[], height=0.05, italic=False, languageStyle='LTR', name='ThanksText', opacity=1.0, ori=0, pos=array([0., 0.]), rgb=array([255., 255., 255.]), text=str(...), units='height', win=Window(...), wrapWidth=1)
10.3932 	EXP 	rating: flipVert = False
10.3932 	EXP 	rating: autoLog = True
10.3932 	EXP 	TODO: autoDraw = True
11.2987 	DATA 	Keypress: space
11.4017 	EXP 	Imported womenimgUrl.xlsx as conditions, 33 conditions, 2 params
11.4022 	EXP 	Created sequence: sequential, trialTypes=33, nReps=1, seed=None
11.4026 	EXP 	New trial (rep=0, index=0): OrderedDict([('Original', 'women1/1-original.jpg'), ('Scramble', 'women1/1-scramble.jpg')])
11.5551 	EXP 	TODO: autoDraw = False
11.5551 	EXP 	baselineImage: image = 'women1/1-scramble.jpg'
11.5551 	EXP 	baselineImage: autoDraw = True
13.5063 	EXP 	baselineImage: autoDraw = False
13.5063 	EXP 	image: image = 'women1/1-original.jpg'
13.5063 	EXP 	image: autoDraw = True
18.3874 	EXP 	RatingScale rating: reset()
18.4221 	EXP 	image: autoDraw = False
18.4221 	EXP 	RatingText: text = 'Do you like this image?'
18.4221 	EXP 	rating: autoDraw = True
18.4221 	EXP 	RatingText: autoDraw = True
20.5399 	DATA 	Mouse: Left button down, pos=(1091,308)
20.6554 	DATA 	Mouse:  Left button up, pos=(1091,308)
21.1573 	DATA 	Mouse: Left button down, pos=(883,215)
21.1576 	DATA 	RatingScale rating: (mouse response) rating=No
21.1577 	DATA 	RatingScale rating: rating RT=2.752
21.1577 	DATA 	RatingScale rating: history=[(None, 0.0), ('No', 2.135), ('No', 2.752)]
21.1743 	EXP 	New trial (rep=0, index=1): OrderedDict([('Original', 'women1/10-original.jpg'), ('Scramble', 'women1/10-scramble.jpg')])
21.3308 	DATA 	Mouse:  Left button up, pos=(883,215)
21.3433 	EXP 	rating: autoDraw = False
21.3433 	EXP 	RatingText: autoDraw = False
21.3433 	EXP 	baselineImage: image = 'women1/10-scramble.jpg'
21.3433 	EXP 	baselineImage: autoDraw = True
21.9022 	DATA 	Keypress: lalt
23.3462 	EXP 	baselineImage: autoDraw = False
23.3462 	EXP 	image: image = 'women1/10-original.jpg'
23.3462 	EXP 	image: autoDraw = True
23.4489 	DATA 	Keypress: escape
23.9426 	EXP 	window1: mouseVisible = True
