14.9414 	EXP 	Created window1 = Window(allowGUI=True, allowStencil=False, args=UNKNOWN, autoLog=True, bitsMode=UNKNOWN, blendMode='avg', color=array([0., 0., 0.]), colorSpace='rgb', fullscr=<method-wrapper '__getattribute__' of attributeSetter object at 0x000001AD059C2E80>, gamma=None, gammaErrorPolicy='raise', kwargs=UNKNOWN, lms=UNKNOWN, monitor=<psychopy.monitors.calibTools.Monitor object at 0x000001AD05A452B0>, multiSample=False, name='window1', numSamples=2, pos=[0.0, 0.0], screen=0, size=array([1680, 1050]), stereo=False, units='height', useFBO=True, useRetina=False, viewOri=0.0, viewPos=None, viewScale=None, waitBlanking=True, winType='pyglet')
14.9415 	EXP 	window1: recordFrameIntervals = False
15.1066 	EXP 	window1: recordFrameIntervals = True
15.2905 	EXP 	window1: recordFrameIntervals = False
15.6096 	EXP 	Created TODO = TextStim(__class__=<class 'psychopy.visual.text.TextStim'>, alignHoriz='center', alignVert='center', antialias=True, autoLog=True, bold=False, color='white', colorSpace='named', contrast=1.0, depth=0.0, flipHoriz=False, flipVert=False, font='Arial', fontFiles=[], height=0.05, italic=False, languageStyle='LTR', name='TODO', opacity=1.0, ori=0, pos=array([0., 0.]), rgb=array([255., 255., 255.]), text=str(...), units='height', win=Window(...), wrapWidth=1)
15.6119 	EXP 	Created baselineImage = ImageStim(__class__=<class 'psychopy.visual.image.ImageStim'>, autoLog=True, color=array([1., 1., 1.]), colorSpace='rgb', contrast=1.0, depth=0.0, flipHoriz=False, flipVert=False, image='sin', interpolate=True, mask=None, maskParams=None, name='baselineImage', opacity=1.0, ori=0.0, pos=array([0., 0.]), size=array([2.  , 1.33]), texRes=128, units='height', win=Window(...))
17.6461 	EXP 	Created image = ImageStim(__class__=<class 'psychopy.visual.image.ImageStim'>, autoLog=True, color=array([1., 1., 1.]), colorSpace='rgb', contrast=1.0, depth=0.0, flipHoriz=False, flipVert=False, image='sin', interpolate=True, mask=None, maskParams=None, name='image', opacity=1.0, ori=0.0, pos=array([0., 0.]), size=array([2.  , 1.33]), texRes=128, units='height', win=Window(...))
17.7437 	EXP 	Created rating = RatingScale(__class__=type(...), acceptKeys=['return'], acceptPreText=UNKNOWN, acceptSize=UNKNOWN, acceptText='accept?', autoLog=True, choices=['Yes', 'No'], depth=0, disappear=False, flipVert=False, high=1, kwargs=UNKNOWN, labels=list(...), leftKeys=['left'], lineColor='White', low=0, marker=ShapeStim(...), markerColor='DarkBlue', markerExpansion=UNKNOWN, markerStart=None, maxTime=0.0, minTime=0.4, mouseOnly=False, name='rating', noMouse=False, pos=[0.0, -0.4], precision=1, respKeys=['0', '1'], rightKeys=['right'], scale='<default>', self=UNKNOWN, showAccept=True, showValue=True, singleClick=False, size=0.6, skipKeys=['tab'], stretch=1.0, textColor='LightGray', textFont='Helvetica Bold', textSize=0.12, tickHeight=-1, tickMarks=1.0, win=Window(...))
17.7498 	EXP 	Created RatingText = TextStim(__class__=<class 'psychopy.visual.text.TextStim'>, alignHoriz='center', alignVert='center', antialias=True, autoLog=True, bold=False, color='white', colorSpace='named', contrast=1.0, depth=-2.0, flipHoriz=False, flipVert=False, font='Arial', fontFiles=[], height=0.05, italic=False, languageStyle='LTR', name='RatingText', opacity=1.0, ori=0, pos=array([0., 0.]), rgb=array([255., 255., 255.]), text='default text', units='height', win=Window(...), wrapWidth=1)
17.7671 	EXP 	Created ThanksText = TextStim(__class__=<class 'psychopy.visual.text.TextStim'>, alignHoriz='center', alignVert='center', antialias=True, autoLog=True, bold=False, color='white', colorSpace='named', contrast=1.0, depth=0.0, flipHoriz=False, flipVert=False, font='Arial', fontFiles=[], height=0.05, italic=False, languageStyle='LTR', name='ThanksText', opacity=1.0, ori=0, pos=array([0., 0.]), rgb=array([255., 255., 255.]), text=str(...), units='height', win=Window(...), wrapWidth=1)
17.8053 	EXP 	rating: flipVert = False
17.8053 	EXP 	rating: autoLog = True
17.8053 	EXP 	TODO: autoDraw = True
18.9115 	EXP 	Imported womenimgUrl.xlsx as conditions, 33 conditions, 2 params
18.9119 	EXP 	Created sequence: sequential, trialTypes=33, nReps=1, seed=None
18.9121 	EXP 	New trial (rep=0, index=0): OrderedDict([('Original', 'women1/1-original.jpg'), ('Scramble', 'women1/1-scramble.jpg')])
19.0704 	DATA 	Keypress: space
19.0822 	EXP 	TODO: autoDraw = False
19.0822 	EXP 	baselineImage: image = 'women1/1-scramble.jpg'
19.0822 	EXP 	baselineImage: autoDraw = True
21.0610 	EXP 	baselineImage: autoDraw = False
21.0610 	EXP 	image: image = 'women1/1-original.jpg'
21.0610 	EXP 	image: autoDraw = True
25.9321 	EXP 	RatingScale rating: reset()
25.9915 	EXP 	image: autoDraw = False
25.9915 	EXP 	RatingText: text = 'Do you like this image?'
25.9915 	EXP 	rating: autoDraw = True
25.9915 	EXP 	RatingText: autoDraw = True
27.6258 	DATA 	Mouse: Left button down, pos=(595,310)
27.7213 	DATA 	Mouse:  Left button up, pos=(595,310)
28.3568 	DATA 	Mouse: Left button down, pos=(912,206)
28.3572 	DATA 	RatingScale rating: (mouse response) rating=Yes
28.3572 	DATA 	RatingScale rating: rating RT=2.386
28.3572 	DATA 	RatingScale rating: history=[(None, 0.0), ('Yes', 1.655), ('Yes', 2.386)]
28.3732 	EXP 	New trial (rep=0, index=1): OrderedDict([('Original', 'women1/10-original.jpg'), ('Scramble', 'women1/10-scramble.jpg')])
28.5456 	DATA 	Mouse:  Left button up, pos=(912,206)
28.5579 	EXP 	rating: autoDraw = False
28.5579 	EXP 	RatingText: autoDraw = False
28.5579 	EXP 	baselineImage: image = 'women1/10-scramble.jpg'
28.5579 	EXP 	baselineImage: autoDraw = True
30.6816 	EXP 	baselineImage: autoDraw = False
30.6816 	EXP 	image: image = 'women1/10-original.jpg'
30.6816 	EXP 	image: autoDraw = True
35.4540 	EXP 	RatingScale rating: reset()
35.4680 	EXP 	image: autoDraw = False
35.4680 	EXP 	RatingText: text = 'Do you like this image?'
35.4680 	EXP 	rating: autoDraw = True
35.4680 	EXP 	RatingText: autoDraw = True
36.3452 	DATA 	Mouse: Left button down, pos=(1082,268)
36.4440 	DATA 	Mouse:  Left button up, pos=(1082,268)
37.4793 	DATA 	Mouse: Left button down, pos=(1075,316)
37.5614 	DATA 	Mouse:  Left button up, pos=(1075,316)
38.2144 	DATA 	Mouse: Left button down, pos=(880,220)
38.2147 	DATA 	RatingScale rating: (mouse response) rating=No
38.2147 	DATA 	RatingScale rating: rating RT=2.756
38.2148 	DATA 	RatingScale rating: history=[(None, 0.0), ('No', 2.021), ('No', 2.756)]
38.2306 	EXP 	New trial (rep=0, index=2): OrderedDict([('Original', 'women1/11-original.jpg'), ('Scramble', 'women1/11-scramble.jpg')])
38.3844 	DATA 	Mouse:  Left button up, pos=(880,220)
38.3945 	EXP 	rating: autoDraw = False
38.3945 	EXP 	RatingText: autoDraw = False
38.3945 	EXP 	baselineImage: image = 'women1/11-scramble.jpg'
38.3945 	EXP 	baselineImage: autoDraw = True
40.4931 	EXP 	baselineImage: autoDraw = False
40.4931 	EXP 	image: image = 'women1/11-original.jpg'
40.4931 	EXP 	image: autoDraw = True
45.2623 	EXP 	RatingScale rating: reset()
45.2786 	EXP 	image: autoDraw = False
45.2786 	EXP 	RatingText: text = 'Do you like this image?'
45.2786 	EXP 	rating: autoDraw = True
45.2786 	EXP 	RatingText: autoDraw = True
46.3380 	DATA 	Mouse: Left button down, pos=(592,275)
46.4349 	DATA 	Mouse:  Left button up, pos=(592,275)
46.8533 	DATA 	Mouse: Left button down, pos=(592,314)
46.9361 	DATA 	Mouse:  Left button up, pos=(592,314)
47.3885 	DATA 	Mouse: Left button down, pos=(811,200)
47.3889 	DATA 	RatingScale rating: (mouse response) rating=Yes
47.3889 	DATA 	RatingScale rating: rating RT=2.122
47.3890 	DATA 	RatingScale rating: history=[(None, 0.0), ('Yes', 1.586), ('Yes', 2.122)]
47.4051 	EXP 	New trial (rep=0, index=3): OrderedDict([('Original', 'women1/12-original.jpg'), ('Scramble', 'women1/12-scramble.jpg')])
47.5697 	DATA 	Mouse:  Left button up, pos=(811,200)
47.5816 	EXP 	rating: autoDraw = False
47.5816 	EXP 	RatingText: autoDraw = False
47.5816 	EXP 	baselineImage: image = 'women1/12-scramble.jpg'
47.5816 	EXP 	baselineImage: autoDraw = True
49.6974 	EXP 	baselineImage: autoDraw = False
49.6974 	EXP 	image: image = 'women1/12-original.jpg'
49.6974 	EXP 	image: autoDraw = True
52.1812 	DATA 	Keypress: escape
52.7980 	EXP 	window1: mouseVisible = True
