17.4237 	EXP 	Created window1 = Window(allowGUI=True, allowStencil=False, args=UNKNOWN, autoLog=True, bitsMode=UNKNOWN, blendMode='avg', color=array([0., 0., 0.]), colorSpace='rgb', fullscr=<method-wrapper '__getattribute__' of attributeSetter object at 0x00000204C6732DA0>, gamma=None, gammaErrorPolicy='raise', kwargs=UNKNOWN, lms=UNKNOWN, monitor=<psychopy.monitors.calibTools.Monitor object at 0x00000204C67B51D0>, multiSample=False, name='window1', numSamples=2, pos=[0.0, 0.0], screen=0, size=array([1680, 1050]), stereo=False, units='height', useFBO=True, useRetina=False, viewOri=0.0, viewPos=None, viewScale=None, waitBlanking=True, winType='pyglet')
17.4238 	EXP 	window1: recordFrameIntervals = False
17.5888 	EXP 	window1: recordFrameIntervals = True
17.7727 	EXP 	window1: recordFrameIntervals = False
18.1374 	EXP 	Created TODO = TextStim(__class__=<class 'psychopy.visual.text.TextStim'>, alignHoriz='center', alignVert='center', antialias=True, autoLog=True, bold=False, color='white', colorSpace='named', contrast=1.0, depth=0.0, flipHoriz=False, flipVert=False, font='Arial', fontFiles=[], height=0.05, italic=False, languageStyle='LTR', name='TODO', opacity=1.0, ori=0, pos=array([0., 0.]), rgb=array([255., 255., 255.]), text=str(...), units='height', win=Window(...), wrapWidth=1)
18.1396 	EXP 	Created baselineImage = ImageStim(__class__=<class 'psychopy.visual.image.ImageStim'>, autoLog=True, color=array([1., 1., 1.]), colorSpace='rgb', contrast=1.0, depth=0.0, flipHoriz=False, flipVert=False, image='sin', interpolate=True, mask=None, maskParams=None, name='baselineImage', opacity=1.0, ori=0.0, pos=array([0., 0.]), size=array([2.  , 1.33]), texRes=128, units='height', win=Window(...))
20.2720 	EXP 	Created image = ImageStim(__class__=<class 'psychopy.visual.image.ImageStim'>, autoLog=True, color=array([1., 1., 1.]), colorSpace='rgb', contrast=1.0, depth=0.0, flipHoriz=False, flipVert=False, image='sin', interpolate=True, mask=None, maskParams=None, name='image', opacity=1.0, ori=0.0, pos=array([0., 0.]), size=array([2.  , 1.33]), texRes=128, units='height', win=Window(...))
20.3415 	EXP 	Created rating = RatingScale(__class__=type(...), acceptKeys=['return'], acceptPreText=UNKNOWN, acceptSize=UNKNOWN, acceptText='accept?', autoLog=True, choices=['Yes', 'No'], depth=0, disappear=False, flipVert=False, high=1, kwargs=UNKNOWN, labels=list(...), leftKeys=['left'], lineColor='White', low=0, marker=ShapeStim(...), markerColor='DarkBlue', markerExpansion=UNKNOWN, markerStart=None, maxTime=0.0, minTime=0.4, mouseOnly=False, name='rating', noMouse=False, pos=[0.0, -0.4], precision=1, respKeys=['0', '1'], rightKeys=['right'], scale='<default>', self=UNKNOWN, showAccept=True, showValue=True, singleClick=False, size=0.6, skipKeys=['tab'], stretch=1.0, textColor='LightGray', textFont='Helvetica Bold', textSize=0.12, tickHeight=-1, tickMarks=1.0, win=Window(...))
20.3477 	EXP 	Created RatingText = TextStim(__class__=<class 'psychopy.visual.text.TextStim'>, alignHoriz='center', alignVert='center', antialias=True, autoLog=True, bold=False, color='white', colorSpace='named', contrast=1.0, depth=-2.0, flipHoriz=False, flipVert=False, font='Arial', fontFiles=[], height=0.05, italic=False, languageStyle='LTR', name='RatingText', opacity=1.0, ori=0, pos=array([0., 0.]), rgb=array([255., 255., 255.]), text='default text', units='height', win=Window(...), wrapWidth=1)
20.3656 	EXP 	Created ThanksText = TextStim(__class__=<class 'psychopy.visual.text.TextStim'>, alignHoriz='center', alignVert='center', antialias=True, autoLog=True, bold=False, color='white', colorSpace='named', contrast=1.0, depth=0.0, flipHoriz=False, flipVert=False, font='Arial', fontFiles=[], height=0.05, italic=False, languageStyle='LTR', name='ThanksText', opacity=1.0, ori=0, pos=array([0., 0.]), rgb=array([255., 255., 255.]), text=str(...), units='height', win=Window(...), wrapWidth=1)
20.4013 	EXP 	rating: flipVert = False
20.4013 	EXP 	rating: autoLog = True
20.4013 	EXP 	TODO: autoDraw = True
25.4172 	EXP 	Imported womenimgUrl.xlsx as conditions, 32 conditions, 2 params
25.4175 	EXP 	Created sequence: sequential, trialTypes=32, nReps=1, seed=None
25.4178 	EXP 	New trial (rep=0, index=0): OrderedDict([('Original', 'women/1-original.jpg'), ('Scramble', 'women/1-scramble.jpg')])
25.5407 	DATA 	Keypress: return
25.5519 	EXP 	TODO: autoDraw = False
25.5519 	EXP 	baselineImage: image = 'women/1-scramble.jpg'
25.5519 	EXP 	baselineImage: autoDraw = True
27.6276 	EXP 	baselineImage: autoDraw = False
27.6276 	EXP 	image: image = 'women/1-original.jpg'
27.6276 	EXP 	image: autoDraw = True
32.3912 	EXP 	RatingScale rating: reset()
32.4441 	EXP 	image: autoDraw = False
32.4441 	EXP 	RatingText: text = 'Do you like this image?'
32.4441 	EXP 	rating: autoDraw = True
32.4441 	EXP 	RatingText: autoDraw = True
34.2072 	DATA 	Mouse: Left button down, pos=(596,314)
34.3570 	DATA 	Mouse:  Left button up, pos=(596,314)
35.2757 	DATA 	Mouse: Left button down, pos=(795,186)
35.2760 	DATA 	RatingScale rating: (mouse response) rating=Yes
35.2760 	DATA 	RatingScale rating: rating RT=2.851
35.2760 	DATA 	RatingScale rating: history=[(None, 0.0), ('Yes', 1.782), ('Yes', 2.851)]
35.2919 	EXP 	New trial (rep=0, index=1): OrderedDict([('Original', 'women/10-original.jpg'), ('Scramble', 'women/10-scramble.jpg')])
35.4280 	DATA 	Mouse:  Left button up, pos=(795,186)
35.4382 	EXP 	rating: autoDraw = False
35.4382 	EXP 	RatingText: autoDraw = False
35.4382 	EXP 	baselineImage: image = 'women/10-scramble.jpg'
35.4382 	EXP 	baselineImage: autoDraw = True
37.5307 	EXP 	baselineImage: autoDraw = False
37.5307 	EXP 	image: image = 'women/10-original.jpg'
37.5307 	EXP 	image: autoDraw = True
42.4128 	EXP 	RatingScale rating: reset()
42.4261 	EXP 	image: autoDraw = False
42.4261 	EXP 	RatingText: text = 'Do you like this image?'
42.4261 	EXP 	rating: autoDraw = True
42.4261 	EXP 	RatingText: autoDraw = True
45.4494 	DATA 	Mouse: Left button down, pos=(1084,312)
45.6034 	DATA 	Mouse:  Left button up, pos=(1084,312)
46.5539 	DATA 	Mouse: Left button down, pos=(834,187)
46.5543 	DATA 	RatingScale rating: (mouse response) rating=No
46.5544 	DATA 	RatingScale rating: rating RT=4.138
46.5544 	DATA 	RatingScale rating: history=[(None, 0.0), ('No', 3.033), ('No', 4.138)]
46.5693 	EXP 	New trial (rep=0, index=2): OrderedDict([('Original', 'women/11-original.jpg'), ('Scramble', 'women/11-scramble.jpg')])
46.7363 	EXP 	rating: autoDraw = False
46.7363 	EXP 	RatingText: autoDraw = False
46.7363 	EXP 	baselineImage: image = 'women/11-scramble.jpg'
46.7363 	EXP 	baselineImage: autoDraw = True
46.8394 	DATA 	Mouse:  Left button up, pos=(834,187)
48.8285 	EXP 	baselineImage: autoDraw = False
48.8285 	EXP 	image: image = 'women/11-original.jpg'
48.8285 	EXP 	image: autoDraw = True
53.6056 	EXP 	RatingScale rating: reset()
53.6214 	EXP 	image: autoDraw = False
53.6214 	EXP 	RatingText: text = 'Do you like this image?'
53.6214 	EXP 	rating: autoDraw = True
53.6214 	EXP 	RatingText: autoDraw = True
55.1566 	DATA 	Mouse: Left button down, pos=(1068,276)
55.3057 	DATA 	Mouse:  Left button up, pos=(1068,276)
55.8246 	DATA 	Mouse: Left button down, pos=(1087,286)
55.9931 	DATA 	Mouse:  Left button up, pos=(1087,286)
56.4767 	DATA 	Mouse: Left button down, pos=(832,169)
56.4772 	DATA 	RatingScale rating: (mouse response) rating=No
56.4772 	DATA 	RatingScale rating: rating RT=2.868
56.4773 	DATA 	RatingScale rating: history=[(None, 0.0), ('No', 2.215), ('No', 2.868)]
56.4939 	EXP 	New trial (rep=0, index=3): OrderedDict([('Original', 'women/12-original.jpg'), ('Scramble', 'women/12-scramble.jpg')])
56.7000 	DATA 	Mouse:  Left button up, pos=(832,169)
56.7153 	EXP 	rating: autoDraw = False
56.7153 	EXP 	RatingText: autoDraw = False
56.7153 	EXP 	baselineImage: image = 'women/12-scramble.jpg'
56.7153 	EXP 	baselineImage: autoDraw = True
58.7591 	EXP 	baselineImage: autoDraw = False
58.7591 	EXP 	image: image = 'women/12-original.jpg'
58.7591 	EXP 	image: autoDraw = True
63.5407 	EXP 	RatingScale rating: reset()
63.5574 	EXP 	image: autoDraw = False
63.5574 	EXP 	RatingText: text = 'Do you like this image?'
63.5574 	EXP 	rating: autoDraw = True
63.5574 	EXP 	RatingText: autoDraw = True
64.6194 	DATA 	Mouse: Left button down, pos=(608,269)
64.7475 	DATA 	Mouse:  Left button up, pos=(608,269)
65.4362 	DATA 	Mouse: Left button down, pos=(581,305)
65.5690 	DATA 	Mouse:  Left button up, pos=(581,305)
66.2521 	DATA 	Mouse: Left button down, pos=(795,205)
66.2525 	DATA 	RatingScale rating: (mouse response) rating=Yes
66.2526 	DATA 	RatingScale rating: rating RT=2.708
66.2526 	DATA 	RatingScale rating: history=[(None, 0.0), ('Yes', 1.891), ('Yes', 2.708)]
66.2683 	EXP 	New trial (rep=0, index=4): OrderedDict([('Original', 'women/13-original.jpg'), ('Scramble', 'women/13-scramble.jpg')])
66.4278 	DATA 	Mouse:  Left button up, pos=(795,205)
66.4384 	EXP 	rating: autoDraw = False
66.4384 	EXP 	RatingText: autoDraw = False
66.4384 	EXP 	baselineImage: image = 'women/13-scramble.jpg'
66.4384 	EXP 	baselineImage: autoDraw = True
68.5653 	EXP 	baselineImage: autoDraw = False
68.5653 	EXP 	image: image = 'women/13-original.jpg'
68.5653 	EXP 	image: autoDraw = True
73.3343 	EXP 	RatingScale rating: reset()
73.3479 	EXP 	image: autoDraw = False
73.3479 	EXP 	RatingText: text = 'Do you like this image?'
73.3479 	EXP 	rating: autoDraw = True
73.3479 	EXP 	RatingText: autoDraw = True
75.0741 	DATA 	Mouse: Left button down, pos=(1089,305)
75.1754 	DATA 	Mouse:  Left button up, pos=(1089,305)
75.6900 	DATA 	Mouse: Left button down, pos=(904,178)
75.6904 	DATA 	RatingScale rating: (mouse response) rating=No
75.6904 	DATA 	RatingScale rating: rating RT=2.352
75.6904 	DATA 	RatingScale rating: history=[(None, 0.0), ('No', 1.736), ('No', 2.352)]
75.7060 	EXP 	New trial (rep=0, index=5): OrderedDict([('Original', 'women/14-original.jpg'), ('Scramble', 'women/14-scramble.jpg')])
75.8303 	DATA 	Mouse:  Left button up, pos=(904,178)
75.8404 	EXP 	rating: autoDraw = False
75.8404 	EXP 	RatingText: autoDraw = False
75.8404 	EXP 	baselineImage: image = 'women/14-scramble.jpg'
75.8404 	EXP 	baselineImage: autoDraw = True
77.8930 	EXP 	baselineImage: autoDraw = False
77.8930 	EXP 	image: image = 'women/14-original.jpg'
77.8930 	EXP 	image: autoDraw = True
82.7799 	EXP 	RatingScale rating: reset()
82.7948 	EXP 	image: autoDraw = False
82.7948 	EXP 	RatingText: text = 'Do you like this image?'
82.7948 	EXP 	rating: autoDraw = True
82.7948 	EXP 	RatingText: autoDraw = True
83.7282 	DATA 	Mouse: Left button down, pos=(1107,288)
83.8608 	DATA 	Mouse:  Left button up, pos=(1107,288)
84.4805 	DATA 	Mouse: Left button down, pos=(923,190)
84.4809 	DATA 	RatingScale rating: (mouse response) rating=No
84.4809 	DATA 	RatingScale rating: rating RT=1.697
84.4809 	DATA 	RatingScale rating: history=[(None, 0.0), ('No', 0.944), ('No', 1.697)]
84.4971 	EXP 	New trial (rep=0, index=6): OrderedDict([('Original', 'women/15-original.jpg'), ('Scramble', 'women/15-scramble.jpg')])
84.6155 	DATA 	Mouse:  Left button up, pos=(923,190)
84.6263 	EXP 	rating: autoDraw = False
84.6263 	EXP 	RatingText: autoDraw = False
84.6263 	EXP 	baselineImage: image = 'women/15-scramble.jpg'
84.6263 	EXP 	baselineImage: autoDraw = True
86.6890 	EXP 	baselineImage: autoDraw = False
86.6890 	EXP 	image: image = 'women/15-original.jpg'
86.6890 	EXP 	image: autoDraw = True
91.5769 	EXP 	RatingScale rating: reset()
91.5907 	EXP 	image: autoDraw = False
91.5907 	EXP 	RatingText: text = 'Do you like this image?'
91.5907 	EXP 	rating: autoDraw = True
91.5907 	EXP 	RatingText: autoDraw = True
92.5516 	DATA 	Mouse: Left button down, pos=(1042,285)
92.6676 	DATA 	Mouse:  Left button up, pos=(1042,285)
93.2194 	DATA 	Mouse: Left button down, pos=(934,204)
93.2197 	DATA 	RatingScale rating: (mouse response) rating=No
93.2198 	DATA 	RatingScale rating: rating RT=1.639
93.2198 	DATA 	RatingScale rating: history=[(None, 0.0), ('No', 0.971), ('No', 1.639)]
93.2355 	EXP 	New trial (rep=0, index=7): OrderedDict([('Original', 'women/16-original.jpg'), ('Scramble', 'women/16-scramble.jpg')])
93.3487 	DATA 	Mouse:  Left button up, pos=(934,204)
93.3590 	EXP 	rating: autoDraw = False
93.3590 	EXP 	RatingText: autoDraw = False
93.3590 	EXP 	baselineImage: image = 'women/16-scramble.jpg'
93.3590 	EXP 	baselineImage: autoDraw = True
95.4190 	EXP 	baselineImage: autoDraw = False
95.4190 	EXP 	image: image = 'women/16-original.jpg'
95.4190 	EXP 	image: autoDraw = True
100.3092 	EXP 	RatingScale rating: reset()
100.3255 	EXP 	image: autoDraw = False
100.3255 	EXP 	RatingText: text = 'Do you like this image?'
100.3255 	EXP 	rating: autoDraw = True
100.3255 	EXP 	RatingText: autoDraw = True
103.0596 	DATA 	Mouse: Left button down, pos=(851,185)
103.5090 	DATA 	Mouse:  Left button up, pos=(851,185)
104.7329 	DATA 	Mouse: Left button down, pos=(603,297)
104.8321 	DATA 	Mouse:  Left button up, pos=(603,297)
105.6002 	DATA 	Mouse: Left button down, pos=(782,201)
105.6007 	DATA 	RatingScale rating: (mouse response) rating=Yes
105.6007 	DATA 	RatingScale rating: rating RT=5.288
105.6008 	DATA 	RatingScale rating: history=[(None, 0.0), ('Yes', 4.42), ('Yes', 5.287)]
105.6160 	EXP 	New trial (rep=0, index=8): OrderedDict([('Original', 'women/17-original.jpg'), ('Scramble', 'women/17-scramble.jpg')])
105.7598 	DATA 	Mouse:  Left button up, pos=(782,201)
105.7700 	EXP 	rating: autoDraw = False
105.7700 	EXP 	RatingText: autoDraw = False
105.7700 	EXP 	baselineImage: image = 'women/17-scramble.jpg'
105.7700 	EXP 	baselineImage: autoDraw = True
107.8460 	EXP 	baselineImage: autoDraw = False
107.8460 	EXP 	image: image = 'women/17-original.jpg'
107.8460 	EXP 	image: autoDraw = True
112.7322 	EXP 	RatingScale rating: reset()
112.7490 	EXP 	image: autoDraw = False
112.7490 	EXP 	RatingText: text = 'Do you like this image?'
112.7490 	EXP 	rating: autoDraw = True
112.7490 	EXP 	RatingText: autoDraw = True
114.0012 	DATA 	Mouse: Left button down, pos=(1086,278)
114.1495 	DATA 	Mouse:  Left button up, pos=(1086,278)
114.6203 	DATA 	Mouse: Left button down, pos=(917,189)
114.6207 	DATA 	RatingScale rating: (mouse response) rating=No
114.6207 	DATA 	RatingScale rating: rating RT=1.884
114.6207 	DATA 	RatingScale rating: history=[(None, 0.0), ('No', 1.264), ('No', 1.884)]
114.6369 	EXP 	New trial (rep=0, index=9): OrderedDict([('Original', 'women/18-original.jpg'), ('Scramble', 'women/18-scramble.jpg')])
114.7784 	DATA 	Mouse:  Left button up, pos=(917,189)
114.7894 	EXP 	rating: autoDraw = False
114.7894 	EXP 	RatingText: autoDraw = False
114.7894 	EXP 	baselineImage: image = 'women/18-scramble.jpg'
114.7894 	EXP 	baselineImage: autoDraw = True
116.8633 	EXP 	baselineImage: autoDraw = False
116.8633 	EXP 	image: image = 'women/18-original.jpg'
116.8633 	EXP 	image: autoDraw = True
121.7522 	EXP 	RatingScale rating: reset()
121.7688 	EXP 	image: autoDraw = False
121.7688 	EXP 	RatingText: text = 'Do you like this image?'
121.7688 	EXP 	rating: autoDraw = True
121.7688 	EXP 	RatingText: autoDraw = True
122.8084 	DATA 	Mouse: Left button down, pos=(611,294)
122.9435 	DATA 	Mouse:  Left button up, pos=(611,294)
123.3488 	DATA 	Mouse: Left button down, pos=(802,198)
123.3494 	DATA 	RatingScale rating: (mouse response) rating=Yes
123.3495 	DATA 	RatingScale rating: rating RT=1.593
123.3495 	DATA 	RatingScale rating: history=[(None, 0.0), ('Yes', 1.052), ('Yes', 1.593)]
123.3652 	EXP 	New trial (rep=0, index=10): OrderedDict([('Original', 'women/19-original.jpg'), ('Scramble', 'women/19-scramble.jpg')])
123.5440 	DATA 	Mouse:  Left button up, pos=(802,198)
123.5562 	EXP 	rating: autoDraw = False
123.5562 	EXP 	RatingText: autoDraw = False
123.5562 	EXP 	baselineImage: image = 'women/19-scramble.jpg'
123.5562 	EXP 	baselineImage: autoDraw = True
125.5654 	EXP 	baselineImage: autoDraw = False
125.5654 	EXP 	image: image = 'women/19-original.jpg'
125.5654 	EXP 	image: autoDraw = True
130.4528 	EXP 	RatingScale rating: reset()
130.4667 	EXP 	image: autoDraw = False
130.4667 	EXP 	RatingText: text = 'Do you like this image?'
130.4667 	EXP 	rating: autoDraw = True
130.4667 	EXP 	RatingText: autoDraw = True
131.3867 	DATA 	Mouse: Left button down, pos=(1101,304)
131.5311 	DATA 	Mouse:  Left button up, pos=(1101,304)
132.3332 	DATA 	Mouse: Left button down, pos=(825,186)
132.3336 	DATA 	RatingScale rating: (mouse response) rating=No
132.3336 	DATA 	RatingScale rating: rating RT=1.876
132.3336 	DATA 	RatingScale rating: history=[(None, 0.0), ('No', 0.93), ('No', 1.876)]
132.3492 	EXP 	New trial (rep=0, index=11): OrderedDict([('Original', 'women/2-original.jpg'), ('Scramble', 'women/2-scramble.jpg')])
132.5285 	DATA 	Mouse:  Left button up, pos=(825,186)
132.5435 	EXP 	rating: autoDraw = False
132.5435 	EXP 	RatingText: autoDraw = False
132.5435 	EXP 	baselineImage: image = 'women/2-scramble.jpg'
132.5435 	EXP 	baselineImage: autoDraw = True
134.5690 	EXP 	baselineImage: autoDraw = False
134.5690 	EXP 	image: image = 'women/2-original.jpg'
134.5690 	EXP 	image: autoDraw = True
139.4611 	EXP 	RatingScale rating: reset()
139.4775 	EXP 	image: autoDraw = False
139.4775 	EXP 	RatingText: text = 'Do you like this image?'
139.4775 	EXP 	rating: autoDraw = True
139.4775 	EXP 	RatingText: autoDraw = True
140.3789 	DATA 	Mouse: Left button down, pos=(998,264)
140.5236 	DATA 	Mouse:  Left button up, pos=(998,264)
140.8575 	DATA 	Mouse: Left button down, pos=(1092,303)
140.9717 	DATA 	Mouse:  Left button up, pos=(1092,303)
141.3909 	DATA 	Mouse: Left button down, pos=(851,176)
141.3913 	DATA 	RatingScale rating: (mouse response) rating=No
141.3913 	DATA 	RatingScale rating: rating RT=1.926
141.3913 	DATA 	RatingScale rating: history=[(None, 0.0), ('No', 1.407), ('No', 1.926)]
141.4078 	EXP 	New trial (rep=0, index=12): OrderedDict([('Original', 'women/20-original.jpg'), ('Scramble', 'women/20-scramble.jpg')])
141.5741 	DATA 	Mouse:  Left button up, pos=(851,176)
141.5851 	EXP 	rating: autoDraw = False
141.5851 	EXP 	RatingText: autoDraw = False
141.5851 	EXP 	baselineImage: image = 'women/20-scramble.jpg'
141.5851 	EXP 	baselineImage: autoDraw = True
143.7075 	EXP 	baselineImage: autoDraw = False
143.7075 	EXP 	image: image = 'women/20-original.jpg'
143.7075 	EXP 	image: autoDraw = True
148.4799 	EXP 	RatingScale rating: reset()
148.4958 	EXP 	image: autoDraw = False
148.4958 	EXP 	RatingText: text = 'Do you like this image?'
148.4958 	EXP 	rating: autoDraw = True
148.4958 	EXP 	RatingText: autoDraw = True
149.3500 	DATA 	Mouse: Left button down, pos=(1086,313)
149.4271 	DATA 	Mouse:  Left button up, pos=(1086,313)
149.8464 	DATA 	Mouse: Left button down, pos=(893,182)
149.8467 	DATA 	RatingScale rating: (mouse response) rating=No
149.8468 	DATA 	RatingScale rating: rating RT=1.363
149.8468 	DATA 	RatingScale rating: history=[(None, 0.0), ('No', 0.866), ('No', 1.363)]
149.8622 	EXP 	New trial (rep=0, index=13): OrderedDict([('Original', 'women/21-original.jpg'), ('Scramble', 'women/21-scramble.jpg')])
150.0332 	DATA 	Mouse:  Left button up, pos=(893,182)
150.0444 	EXP 	rating: autoDraw = False
150.0444 	EXP 	RatingText: autoDraw = False
150.0444 	EXP 	baselineImage: image = 'women/21-scramble.jpg'
150.0444 	EXP 	baselineImage: autoDraw = True
152.1685 	EXP 	baselineImage: autoDraw = False
152.1685 	EXP 	image: image = 'women/21-original.jpg'
152.1685 	EXP 	image: autoDraw = True
156.9379 	EXP 	RatingScale rating: reset()
156.9539 	EXP 	image: autoDraw = False
156.9539 	EXP 	RatingText: text = 'Do you like this image?'
156.9539 	EXP 	rating: autoDraw = True
156.9539 	EXP 	RatingText: autoDraw = True
157.7852 	DATA 	Mouse: Left button down, pos=(588,301)
157.9194 	DATA 	Mouse:  Left button up, pos=(588,301)
158.3882 	DATA 	Mouse: Left button down, pos=(832,191)
158.3886 	DATA 	RatingScale rating: (mouse response) rating=Yes
158.3886 	DATA 	RatingScale rating: rating RT=1.447
158.3886 	DATA 	RatingScale rating: history=[(None, 0.0), ('Yes', 0.843), ('Yes', 1.447)]
158.4047 	EXP 	New trial (rep=0, index=14): OrderedDict([('Original', 'women/22-original.jpg'), ('Scramble', 'women/22-scramble.jpg')])
158.6060 	DATA 	Mouse:  Left button up, pos=(832,191)
158.6211 	EXP 	rating: autoDraw = False
158.6211 	EXP 	RatingText: autoDraw = False
158.6211 	EXP 	baselineImage: image = 'women/22-scramble.jpg'
158.6211 	EXP 	baselineImage: autoDraw = True
160.6636 	EXP 	baselineImage: autoDraw = False
160.6636 	EXP 	image: image = 'women/22-original.jpg'
160.6636 	EXP 	image: autoDraw = True
165.4401 	EXP 	RatingScale rating: reset()
165.4569 	EXP 	image: autoDraw = False
165.4569 	EXP 	RatingText: text = 'Do you like this image?'
165.4569 	EXP 	rating: autoDraw = True
165.4569 	EXP 	RatingText: autoDraw = True
166.3932 	EXP 	window1: mouseVisible = True
