16.3038 	EXP 	Created window1 = Window(allowGUI=True, allowStencil=False, args=UNKNOWN, autoLog=True, bitsMode=UNKNOWN, blendMode='avg', color=array([0., 0., 0.]), colorSpace='rgb', fullscr=<method-wrapper '__getattribute__' of attributeSetter object at 0x000001FBC0C22DA0>, gamma=None, gammaErrorPolicy='raise', kwargs=UNKNOWN, lms=UNKNOWN, monitor=<psychopy.monitors.calibTools.Monitor object at 0x000001FBC0CA51D0>, multiSample=False, name='window1', numSamples=2, pos=[0.0, 0.0], screen=0, size=array([1680, 1050]), stereo=False, units='height', useFBO=True, useRetina=False, viewOri=0.0, viewPos=None, viewScale=None, waitBlanking=True, winType='pyglet')
16.3039 	EXP 	window1: recordFrameIntervals = False
16.4690 	EXP 	window1: recordFrameIntervals = True
16.6538 	EXP 	window1: recordFrameIntervals = False
16.9797 	EXP 	Created TODO = TextStim(__class__=<class 'psychopy.visual.text.TextStim'>, alignHoriz='center', alignVert='center', antialias=True, autoLog=True, bold=False, color='white', colorSpace='named', contrast=1.0, depth=0.0, flipHoriz=False, flipVert=False, font='Arial', fontFiles=[], height=0.05, italic=False, languageStyle='LTR', name='TODO', opacity=1.0, ori=0, pos=array([0., 0.]), rgb=array([255., 255., 255.]), text=str(...), units='height', win=Window(...), wrapWidth=1)
16.9823 	EXP 	Created baselineImage = ImageStim(__class__=<class 'psychopy.visual.image.ImageStim'>, autoLog=True, color=array([1., 1., 1.]), colorSpace='rgb', contrast=1.0, depth=0.0, flipHoriz=False, flipVert=False, image='sin', interpolate=True, mask=None, maskParams=None, name='baselineImage', opacity=1.0, ori=0.0, pos=array([0., 0.]), size=array([2.  , 1.33]), texRes=128, units='height', win=Window(...))
19.0169 	EXP 	Created image = ImageStim(__class__=<class 'psychopy.visual.image.ImageStim'>, autoLog=True, color=array([1., 1., 1.]), colorSpace='rgb', contrast=1.0, depth=0.0, flipHoriz=False, flipVert=False, image='sin', interpolate=True, mask=None, maskParams=None, name='image', opacity=1.0, ori=0.0, pos=array([0., 0.]), size=array([2.  , 1.33]), texRes=128, units='height', win=Window(...))
19.0869 	EXP 	Created rating = RatingScale(__class__=type(...), acceptKeys=['return'], acceptPreText=UNKNOWN, acceptSize=UNKNOWN, acceptText='accept?', autoLog=True, choices=['Yes', 'No'], depth=0, disappear=False, flipVert=False, high=1, kwargs=UNKNOWN, labels=list(...), leftKeys=['left'], lineColor='White', low=0, marker=ShapeStim(...), markerColor='DarkBlue', markerExpansion=UNKNOWN, markerStart=None, maxTime=0.0, minTime=0.4, mouseOnly=False, name='rating', noMouse=False, pos=[0.0, -0.4], precision=1, respKeys=['0', '1'], rightKeys=['right'], scale='<default>', self=UNKNOWN, showAccept=True, showValue=True, singleClick=False, size=0.6, skipKeys=['tab'], stretch=1.0, textColor='LightGray', textFont='Helvetica Bold', textSize=0.12, tickHeight=-1, tickMarks=1.0, win=Window(...))
19.0933 	EXP 	Created RatingText = TextStim(__class__=<class 'psychopy.visual.text.TextStim'>, alignHoriz='center', alignVert='center', antialias=True, autoLog=True, bold=False, color='white', colorSpace='named', contrast=1.0, depth=-2.0, flipHoriz=False, flipVert=False, font='Arial', fontFiles=[], height=0.05, italic=False, languageStyle='LTR', name='RatingText', opacity=1.0, ori=0, pos=array([0., 0.]), rgb=array([255., 255., 255.]), text='default text', units='height', win=Window(...), wrapWidth=1)
19.1109 	EXP 	Created ThanksText = TextStim(__class__=<class 'psychopy.visual.text.TextStim'>, alignHoriz='center', alignVert='center', antialias=True, autoLog=True, bold=False, color='white', colorSpace='named', contrast=1.0, depth=0.0, flipHoriz=False, flipVert=False, font='Arial', fontFiles=[], height=0.05, italic=False, languageStyle='LTR', name='ThanksText', opacity=1.0, ori=0, pos=array([0., 0.]), rgb=array([255., 255., 255.]), text=str(...), units='height', win=Window(...), wrapWidth=1)
19.1457 	EXP 	rating: flipVert = False
19.1457 	EXP 	rating: autoLog = True
19.1457 	EXP 	TODO: autoDraw = True
20.1949 	DATA 	Keypress: space
20.2685 	EXP 	Imported womenimgUrl.xlsx as conditions, 32 conditions, 2 params
20.2688 	EXP 	Created sequence: sequential, trialTypes=32, nReps=1, seed=None
20.2690 	EXP 	New trial (rep=0, index=0): OrderedDict([('Original', 'women/1-original.jpg'), ('Scramble', 'women/1-scramble.jpg')])
20.7980 	EXP 	TODO: autoDraw = False
20.7980 	EXP 	baselineImage: image = 'women/1-scramble.jpg'
20.7980 	EXP 	baselineImage: autoDraw = True
22.8817 	EXP 	baselineImage: autoDraw = False
22.8817 	EXP 	image: image = 'women/1-original.jpg'
22.8817 	EXP 	image: autoDraw = True
27.5021 	EXP 	RatingScale rating: reset()
27.5514 	EXP 	image: autoDraw = False
27.5514 	EXP 	RatingText: text = 'Do you like this image?'
27.5514 	EXP 	rating: autoDraw = True
27.5514 	EXP 	RatingText: autoDraw = True
28.8566 	DATA 	Mouse: Left button down, pos=(1069,308)
28.9681 	DATA 	Mouse:  Left button up, pos=(1070,309)
29.4523 	DATA 	Mouse: Left button down, pos=(914,210)
29.4526 	DATA 	RatingScale rating: (mouse response) rating=No
29.4527 	DATA 	RatingScale rating: rating RT=1.921
29.4527 	DATA 	RatingScale rating: history=[(None, 0.0), ('No', 1.325), ('No', 1.921)]
29.4688 	EXP 	New trial (rep=0, index=1): OrderedDict([('Original', 'women/10-original.jpg'), ('Scramble', 'women/10-scramble.jpg')])
30.0058 	DATA 	Mouse:  Left button up, pos=(914,210)
30.0164 	EXP 	rating: autoDraw = False
30.0164 	EXP 	RatingText: autoDraw = False
30.0164 	EXP 	baselineImage: image = 'women/10-scramble.jpg'
30.0164 	EXP 	baselineImage: autoDraw = True
32.1417 	EXP 	baselineImage: autoDraw = False
32.1417 	EXP 	image: image = 'women/10-original.jpg'
32.1417 	EXP 	image: autoDraw = True
36.7794 	EXP 	RatingScale rating: reset()
36.7958 	EXP 	image: autoDraw = False
36.7958 	EXP 	RatingText: text = 'Do you like this image?'
36.7958 	EXP 	rating: autoDraw = True
36.7958 	EXP 	RatingText: autoDraw = True
38.0084 	DATA 	Mouse: Left button down, pos=(585,312)
38.1277 	DATA 	Mouse:  Left button up, pos=(585,312)
38.9454 	DATA 	Mouse: Left button down, pos=(833,181)
38.9604 	DATA 	RatingScale rating: (mouse response) rating=Yes
38.9604 	DATA 	RatingScale rating: rating RT=2.177
38.9604 	DATA 	RatingScale rating: history=[(None, 0.0), ('Yes', 1.225), ('Yes', 2.177)]
38.9751 	EXP 	New trial (rep=0, index=2): OrderedDict([('Original', 'women/11-original.jpg'), ('Scramble', 'women/11-scramble.jpg')])
39.5209 	DATA 	Mouse:  Left button up, pos=(833,181)
39.5329 	EXP 	rating: autoDraw = False
39.5329 	EXP 	RatingText: autoDraw = False
39.5329 	EXP 	baselineImage: image = 'women/11-scramble.jpg'
39.5329 	EXP 	baselineImage: autoDraw = True
41.6474 	DATA 	Keypress: escape
41.6597 	EXP 	baselineImage: autoDraw = False
41.6597 	EXP 	image: image = 'women/11-original.jpg'
41.6597 	EXP 	image: autoDraw = True
42.5451 	EXP 	window1: mouseVisible = True
