7.8798 	EXP 	Created window1 = Window(allowGUI=True, allowStencil=False, args=UNKNOWN, autoLog=True, bitsMode=UNKNOWN, blendMode='avg', color=array([0., 0., 0.]), colorSpace='rgb', fullscr=<method-wrapper '__getattribute__' of attributeSetter object at 0x0000020ACD052EB8>, gamma=None, gammaErrorPolicy='raise', kwargs=UNKNOWN, lms=UNKNOWN, monitor=<psychopy.monitors.calibTools.Monitor object at 0x0000020ACD0D52E8>, multiSample=False, name='window1', numSamples=2, pos=[0.0, 0.0], screen=0, size=array([1680, 1050]), stereo=False, units='height', useFBO=True, useRetina=False, viewOri=0.0, viewPos=None, viewScale=None, waitBlanking=True, winType='pyglet')
7.8799 	EXP 	window1: recordFrameIntervals = False
8.0466 	EXP 	window1: recordFrameIntervals = True
8.2292 	EXP 	window1: recordFrameIntervals = False
8.5438 	EXP 	Created TODO = TextStim(__class__=<class 'psychopy.visual.text.TextStim'>, alignHoriz='center', alignVert='center', antialias=True, autoLog=True, bold=False, color='white', colorSpace='named', contrast=1.0, depth=0.0, flipHoriz=False, flipVert=False, font='Arial', fontFiles=[], height=0.05, italic=False, languageStyle='LTR', name='TODO', opacity=1.0, ori=0, pos=array([0., 0.]), rgb=array([255., 255., 255.]), text=str(...), units='height', win=Window(...), wrapWidth=1)
8.5461 	EXP 	Created baselineImage = ImageStim(__class__=<class 'psychopy.visual.image.ImageStim'>, autoLog=True, color=array([1., 1., 1.]), colorSpace='rgb', contrast=1.0, depth=0.0, flipHoriz=False, flipVert=False, image='sin', interpolate=True, mask=None, maskParams=None, name='baselineImage', opacity=1.0, ori=0.0, pos=array([0., 0.]), size=array([2.  , 1.33]), texRes=128, units='height', win=Window(...))
10.5780 	EXP 	Created image = ImageStim(__class__=<class 'psychopy.visual.image.ImageStim'>, autoLog=True, color=array([1., 1., 1.]), colorSpace='rgb', contrast=1.0, depth=0.0, flipHoriz=False, flipVert=False, image='sin', interpolate=True, mask=None, maskParams=None, name='image', opacity=1.0, ori=0.0, pos=array([0., 0.]), size=array([2.  , 1.33]), texRes=128, units='height', win=Window(...))
10.6746 	EXP 	Created rating = RatingScale(__class__=type(...), acceptKeys=['return'], acceptPreText=UNKNOWN, acceptSize=UNKNOWN, acceptText='accept?', autoLog=True, choices=False, depth=0, disappear=False, flipVert=False, high=4, kwargs=UNKNOWN, labels=list(...), leftKeys=['left'], lineColor='White', low=1, marker=ShapeStim(...), markerColor='DarkBlue', markerExpansion=UNKNOWN, markerStart=None, maxTime=0.0, minTime=0.4, mouseOnly=False, name='rating', noMouse=False, pos=[0.0, -0.4], precision=1, respKeys=['1', '2', '3', '4'], rightKeys=['right'], scale=str(...), self=UNKNOWN, showAccept=True, showValue=True, singleClick=False, size=0.6, skipKeys=['tab'], stretch=1.0, textColor='LightGray', textFont='Helvetica Bold', textSize=0.12, tickHeight=-1, tickMarks=3.0, win=Window(...))
10.6809 	EXP 	Created RatingText = TextStim(__class__=<class 'psychopy.visual.text.TextStim'>, alignHoriz='center', alignVert='center', antialias=True, autoLog=True, bold=False, color='white', colorSpace='named', contrast=1.0, depth=-2.0, flipHoriz=False, flipVert=False, font='Arial', fontFiles=[], height=0.05, italic=False, languageStyle='LTR', name='RatingText', opacity=1.0, ori=0, pos=array([0., 0.]), rgb=array([255., 255., 255.]), text='default text', units='height', win=Window(...), wrapWidth=1)
10.6976 	EXP 	Created ThanksText = TextStim(__class__=<class 'psychopy.visual.text.TextStim'>, alignHoriz='center', alignVert='center', antialias=True, autoLog=True, bold=False, color='white', colorSpace='named', contrast=1.0, depth=0.0, flipHoriz=False, flipVert=False, font='Arial', fontFiles=[], height=0.05, italic=False, languageStyle='LTR', name='ThanksText', opacity=1.0, ori=0, pos=array([0., 0.]), rgb=array([255., 255., 255.]), text=str(...), units='height', win=Window(...), wrapWidth=1)
10.7326 	EXP 	rating: flipVert = False
10.7326 	EXP 	rating: autoLog = True
10.7326 	EXP 	TODO: autoDraw = True
13.9554 	EXP 	Imported womenimgUrl.xlsx as conditions, 33 conditions, 2 params
13.9559 	EXP 	Created sequence: random, trialTypes=33, nReps=1, seed=None
13.9562 	EXP 	New trial (rep=0, index=0): OrderedDict([('Original', 'women1/32-original.jpg'), ('Scramble', 'women1/32-scramble.jpg')])
14.0977 	DATA 	Keypress: space
14.1102 	EXP 	TODO: autoDraw = False
14.1102 	EXP 	baselineImage: image = 'women1/32-scramble.jpg'
14.1102 	EXP 	baselineImage: autoDraw = True
16.0998 	EXP 	baselineImage: autoDraw = False
16.0998 	EXP 	image: image = 'women1/32-original.jpg'
16.0998 	EXP 	image: autoDraw = True
20.9687 	EXP 	RatingScale rating: reset()
21.0165 	EXP 	image: autoDraw = False
21.0165 	EXP 	RatingText: text = 'Do you like this image?'
21.0165 	EXP 	rating: autoDraw = True
21.0165 	EXP 	RatingText: autoDraw = True
31.9029 	EXP 	New trial (rep=0, index=1): OrderedDict([('Original', 'women1/14-original.jpg'), ('Scramble', 'women1/14-scramble.jpg')])
32.0874 	DATA 	Keypress: lalt
32.0992 	EXP 	rating: autoDraw = False
32.0992 	EXP 	RatingText: autoDraw = False
32.0992 	EXP 	baselineImage: image = 'women1/14-scramble.jpg'
32.0992 	EXP 	baselineImage: autoDraw = True
33.4738 	EXP 	window1: mouseVisible = True
