8.9962 	EXP 	Created window1 = Window(allowGUI=True, allowStencil=False, args=UNKNOWN, autoLog=True, bitsMode=UNKNOWN, blendMode='avg', color=array([0., 0., 0.]), colorSpace='rgb', fullscr=<method-wrapper '__getattribute__' of attributeSetter object at 0x000002467A255E10>, gamma=None, gammaErrorPolicy='raise', kwargs=UNKNOWN, lms=UNKNOWN, monitor=<psychopy.monitors.calibTools.Monitor object at 0x000002467A2D5240>, multiSample=False, name='window1', numSamples=2, pos=[0.0, 0.0], screen=0, size=array([1680, 1050]), stereo=False, units='height', useFBO=True, useRetina=False, viewOri=0.0, viewPos=None, viewScale=None, waitBlanking=True, winType='pyglet')
8.9963 	EXP 	window1: recordFrameIntervals = False
9.1614 	EXP 	window1: recordFrameIntervals = True
9.3454 	EXP 	window1: recordFrameIntervals = False
9.6636 	EXP 	Created TODO = TextStim(__class__=<class 'psychopy.visual.text.TextStim'>, alignHoriz='center', alignVert='center', antialias=True, autoLog=True, bold=False, color='white', colorSpace='named', contrast=1.0, depth=0.0, flipHoriz=False, flipVert=False, font='Arial', fontFiles=[], height=0.05, italic=False, languageStyle='LTR', name='TODO', opacity=1.0, ori=0, pos=array([0., 0.]), rgb=array([255., 255., 255.]), text=str(...), units='height', win=Window(...), wrapWidth=1)
9.6658 	EXP 	Created baselineImage = ImageStim(__class__=<class 'psychopy.visual.image.ImageStim'>, autoLog=True, color=array([1., 1., 1.]), colorSpace='rgb', contrast=1.0, depth=0.0, flipHoriz=False, flipVert=False, image='sin', interpolate=True, mask=None, maskParams=None, name='baselineImage', opacity=1.0, ori=0.0, pos=array([0., 0.]), size=array([2.  , 1.33]), texRes=128, units='height', win=Window(...))
11.6995 	EXP 	Created image = ImageStim(__class__=<class 'psychopy.visual.image.ImageStim'>, autoLog=True, color=array([1., 1., 1.]), colorSpace='rgb', contrast=1.0, depth=0.0, flipHoriz=False, flipVert=False, image='sin', interpolate=True, mask=None, maskParams=None, name='image', opacity=1.0, ori=0.0, pos=array([0., 0.]), size=array([2.  , 1.33]), texRes=128, units='height', win=Window(...))
11.7808 	EXP 	Created rating = RatingScale(__class__=type(...), acceptKeys=['return'], acceptPreText=UNKNOWN, acceptSize=UNKNOWN, acceptText='accept?', autoLog=True, choices=['Yes', 'No'], depth=0, disappear=False, flipVert=False, high=1, kwargs=UNKNOWN, labels=list(...), leftKeys=['left'], lineColor='White', low=0, marker=ShapeStim(...), markerColor='DarkBlue', markerExpansion=UNKNOWN, markerStart=None, maxTime=0.0, minTime=0.4, mouseOnly=False, name='rating', noMouse=False, pos=[0.0, -0.4], precision=1, respKeys=['0', '1'], rightKeys=['right'], scale='<default>', self=UNKNOWN, showAccept=True, showValue=True, singleClick=False, size=0.6, skipKeys=['tab'], stretch=1.0, textColor='LightGray', textFont='Helvetica Bold', textSize=0.12, tickHeight=-1, tickMarks=1.0, win=Window(...))
11.7874 	EXP 	Created RatingText = TextStim(__class__=<class 'psychopy.visual.text.TextStim'>, alignHoriz='center', alignVert='center', antialias=True, autoLog=True, bold=False, color='white', colorSpace='named', contrast=1.0, depth=-2.0, flipHoriz=False, flipVert=False, font='Arial', fontFiles=[], height=0.05, italic=False, languageStyle='LTR', name='RatingText', opacity=1.0, ori=0, pos=array([0., 0.]), rgb=array([255., 255., 255.]), text='default text', units='height', win=Window(...), wrapWidth=1)
11.8048 	EXP 	Created ThanksText = TextStim(__class__=<class 'psychopy.visual.text.TextStim'>, alignHoriz='center', alignVert='center', antialias=True, autoLog=True, bold=False, color='white', colorSpace='named', contrast=1.0, depth=0.0, flipHoriz=False, flipVert=False, font='Arial', fontFiles=[], height=0.05, italic=False, languageStyle='LTR', name='ThanksText', opacity=1.0, ori=0, pos=array([0., 0.]), rgb=array([255., 255., 255.]), text=str(...), units='height', win=Window(...), wrapWidth=1)
11.8399 	EXP 	rating: flipVert = False
11.8399 	EXP 	rating: autoLog = True
11.8399 	EXP 	TODO: autoDraw = True
23.5593 	EXP 	Imported menimgUrl.xlsx as conditions, 34 conditions, 2 params
23.5596 	EXP 	Created sequence: sequential, trialTypes=34, nReps=1, seed=None
23.5598 	EXP 	New trial (rep=0, index=0): OrderedDict([('Original', 'men1/1-original.jpg'), ('Scramble', 'men1/1-scramble.jpg')])
23.7125 	DATA 	Keypress: space
23.7234 	EXP 	TODO: autoDraw = False
23.7234 	EXP 	baselineImage: image = 'men1/1-scramble.jpg'
23.7234 	EXP 	baselineImage: autoDraw = True
25.6858 	EXP 	baselineImage: autoDraw = False
25.6858 	EXP 	image: image = 'men1/1-original.jpg'
25.6858 	EXP 	image: autoDraw = True
30.5522 	EXP 	RatingScale rating: reset()
30.6062 	EXP 	image: autoDraw = False
30.6062 	EXP 	RatingText: text = 'Do you like this image?'
30.6062 	EXP 	rating: autoDraw = True
30.6062 	EXP 	RatingText: autoDraw = True
31.9183 	DATA 	Mouse: Left button down, pos=(601,315)
32.0203 	DATA 	Mouse:  Left button up, pos=(601,315)
32.4700 	DATA 	Mouse: Left button down, pos=(809,213)
32.4704 	DATA 	RatingScale rating: (mouse response) rating=Yes
32.4705 	DATA 	RatingScale rating: rating RT=1.886
32.4705 	DATA 	RatingScale rating: history=[(None, 0.0), ('Yes', 1.334), ('Yes', 1.886)]
32.4885 	EXP 	New trial (rep=0, index=1): OrderedDict([('Original', 'men1/10-original.jpg'), ('Scramble', 'men1/10-scramble.jpg')])
32.6929 	DATA 	Mouse:  Left button up, pos=(809,213)
32.7050 	EXP 	rating: autoDraw = False
32.7050 	EXP 	RatingText: autoDraw = False
32.7050 	EXP 	baselineImage: image = 'men1/10-scramble.jpg'
32.7050 	EXP 	baselineImage: autoDraw = True
34.7142 	EXP 	baselineImage: autoDraw = False
34.7142 	EXP 	image: image = 'men1/10-original.jpg'
34.7142 	EXP 	image: autoDraw = True
36.8570 	DATA 	Mouse: Left button down, pos=(1037,235)
37.0855 	DATA 	Mouse:  Left button up, pos=(1127,147)
39.6035 	EXP 	RatingScale rating: reset()
39.6201 	EXP 	image: autoDraw = False
39.6201 	EXP 	RatingText: text = 'Do you like this image?'
39.6201 	EXP 	rating: autoDraw = True
39.6201 	EXP 	RatingText: autoDraw = True
40.7265 	DATA 	Mouse: Left button down, pos=(1091,266)
40.8103 	DATA 	Mouse:  Left button up, pos=(1091,266)
41.5921 	DATA 	Mouse: Left button down, pos=(1085,321)
41.6750 	DATA 	Mouse:  Left button up, pos=(1085,321)
42.3267 	DATA 	Mouse: Left button down, pos=(842,202)
42.3271 	DATA 	RatingScale rating: (mouse response) rating=No
42.3271 	DATA 	RatingScale rating: rating RT=2.719
42.3271 	DATA 	RatingScale rating: history=[(None, 0.0), ('No', 1.984), ('No', 2.719)]
42.3430 	EXP 	New trial (rep=0, index=2): OrderedDict([('Original', 'men1/11-original.jpg'), ('Scramble', 'men1/11-scramble.jpg')])
42.5153 	DATA 	Mouse:  Left button up, pos=(842,202)
42.5275 	EXP 	rating: autoDraw = False
42.5275 	EXP 	RatingText: autoDraw = False
42.5275 	EXP 	baselineImage: image = 'men1/11-scramble.jpg'
42.5275 	EXP 	baselineImage: autoDraw = True
44.5544 	EXP 	baselineImage: autoDraw = False
44.5544 	EXP 	image: image = 'men1/11-original.jpg'
44.5544 	EXP 	image: autoDraw = True
49.4429 	EXP 	RatingScale rating: reset()
49.4563 	EXP 	image: autoDraw = False
49.4563 	EXP 	RatingText: text = 'Do you like this image?'
49.4563 	EXP 	rating: autoDraw = True
49.4563 	EXP 	RatingText: autoDraw = True
50.6819 	DATA 	Mouse: Left button down, pos=(580,270)
50.7807 	DATA 	Mouse:  Left button up, pos=(580,270)
51.6660 	DATA 	Mouse: Left button down, pos=(592,309)
51.7989 	DATA 	Mouse:  Left button up, pos=(592,309)
52.2676 	DATA 	Mouse: Left button down, pos=(844,213)
52.2679 	DATA 	RatingScale rating: (mouse response) rating=Yes
52.2680 	DATA 	RatingScale rating: rating RT=2.821
52.2680 	DATA 	RatingScale rating: history=[(None, 0.0), ('Yes', 2.219), ('Yes', 2.821)]
52.2836 	EXP 	New trial (rep=0, index=3): OrderedDict([('Original', 'men1/12-original.jpg'), ('Scramble', 'men1/12-scramble.jpg')])
52.4341 	DATA 	Mouse:  Left button up, pos=(844,213)
52.4444 	EXP 	rating: autoDraw = False
52.4444 	EXP 	RatingText: autoDraw = False
52.4444 	EXP 	baselineImage: image = 'men1/12-scramble.jpg'
52.4444 	EXP 	baselineImage: autoDraw = True
54.6897 	EXP 	baselineImage: autoDraw = False
54.6897 	EXP 	image: image = 'men1/12-original.jpg'
54.6897 	EXP 	image: autoDraw = True
59.3482 	EXP 	RatingScale rating: reset()
59.3648 	EXP 	image: autoDraw = False
59.3648 	EXP 	RatingText: text = 'Do you like this image?'
59.3648 	EXP 	rating: autoDraw = True
59.3648 	EXP 	RatingText: autoDraw = True
60.5600 	DATA 	Mouse: Left button down, pos=(1091,311)
60.6190 	DATA 	Mouse:  Left button up, pos=(1091,311)
61.1750 	DATA 	Mouse: Left button down, pos=(925,223)
61.3398 	DATA 	Mouse:  Left button up, pos=(925,222)
61.6084 	DATA 	Mouse: Left button down, pos=(925,215)
61.6089 	DATA 	RatingScale rating: (mouse response) rating=No
61.6089 	DATA 	RatingScale rating: rating RT=2.256
61.6090 	DATA 	RatingScale rating: history=[(None, 0.0), ('No', 1.207), ('No', 2.256)]
61.6260 	EXP 	New trial (rep=0, index=4): OrderedDict([('Original', 'men1/13-original.jpg'), ('Scramble', 'men1/13-scramble.jpg')])
61.7988 	DATA 	Mouse:  Left button up, pos=(925,215)
61.8087 	EXP 	rating: autoDraw = False
61.8087 	EXP 	RatingText: autoDraw = False
61.8087 	EXP 	baselineImage: image = 'men1/13-scramble.jpg'
61.8087 	EXP 	baselineImage: autoDraw = True
63.8125 	EXP 	baselineImage: autoDraw = False
63.8125 	EXP 	image: image = 'men1/13-original.jpg'
63.8125 	EXP 	image: autoDraw = True
64.4945 	EXP 	window1: mouseVisible = True
