15.4861 	EXP 	Created window1 = Window(allowGUI=True, allowStencil=False, args=UNKNOWN, autoLog=True, bitsMode=UNKNOWN, blendMode='avg', color=array([0., 0., 0.]), colorSpace='rgb', fullscr=<method-wrapper '__getattribute__' of attributeSetter object at 0x00000273B80D2E80>, gamma=None, gammaErrorPolicy='raise', kwargs=UNKNOWN, lms=UNKNOWN, monitor=<psychopy.monitors.calibTools.Monitor object at 0x00000273B81552B0>, multiSample=False, name='window1', numSamples=2, pos=[0.0, 0.0], screen=0, size=array([1680, 1050]), stereo=False, units='height', useFBO=True, useRetina=False, viewOri=0.0, viewPos=None, viewScale=None, waitBlanking=True, winType='pyglet')
15.4862 	EXP 	window1: recordFrameIntervals = False
15.6514 	EXP 	window1: recordFrameIntervals = True
15.8354 	EXP 	window1: recordFrameIntervals = False
16.1503 	EXP 	Created TODO = TextStim(__class__=<class 'psychopy.visual.text.TextStim'>, alignHoriz='center', alignVert='center', antialias=True, autoLog=True, bold=False, color='white', colorSpace='named', contrast=1.0, depth=0.0, flipHoriz=False, flipVert=False, font='Arial', fontFiles=[], height=0.05, italic=False, languageStyle='LTR', name='TODO', opacity=1.0, ori=0, pos=array([0., 0.]), rgb=array([255., 255., 255.]), text=str(...), units='height', win=Window(...), wrapWidth=1)
16.1525 	EXP 	Created baselineImage = ImageStim(__class__=<class 'psychopy.visual.image.ImageStim'>, autoLog=True, color=array([1., 1., 1.]), colorSpace='rgb', contrast=1.0, depth=0.0, flipHoriz=False, flipVert=False, image='sin', interpolate=True, mask=None, maskParams=None, name='baselineImage', opacity=1.0, ori=0.0, pos=array([0., 0.]), size=array([2.  , 1.33]), texRes=128, units='height', win=Window(...))
18.1860 	EXP 	Created image = ImageStim(__class__=<class 'psychopy.visual.image.ImageStim'>, autoLog=True, color=array([1., 1., 1.]), colorSpace='rgb', contrast=1.0, depth=0.0, flipHoriz=False, flipVert=False, image='sin', interpolate=True, mask=None, maskParams=None, name='image', opacity=1.0, ori=0.0, pos=array([0., 0.]), size=array([2.  , 1.33]), texRes=128, units='height', win=Window(...))
18.2624 	EXP 	Created rating = RatingScale(__class__=type(...), acceptKeys=['return'], acceptPreText=UNKNOWN, acceptSize=UNKNOWN, acceptText='accept?', autoLog=True, choices=['Yes', 'No'], depth=0, disappear=False, flipVert=False, high=1, kwargs=UNKNOWN, labels=list(...), leftKeys=['left'], lineColor='White', low=0, marker=ShapeStim(...), markerColor='DarkBlue', markerExpansion=UNKNOWN, markerStart=None, maxTime=0.0, minTime=0.4, mouseOnly=False, name='rating', noMouse=False, pos=[0.0, -0.4], precision=1, respKeys=['0', '1'], rightKeys=['right'], scale='<default>', self=UNKNOWN, showAccept=True, showValue=True, singleClick=False, size=0.6, skipKeys=['tab'], stretch=1.0, textColor='LightGray', textFont='Helvetica Bold', textSize=0.12, tickHeight=-1, tickMarks=1.0, win=Window(...))
18.2687 	EXP 	Created RatingText = TextStim(__class__=<class 'psychopy.visual.text.TextStim'>, alignHoriz='center', alignVert='center', antialias=True, autoLog=True, bold=False, color='white', colorSpace='named', contrast=1.0, depth=-2.0, flipHoriz=False, flipVert=False, font='Arial', fontFiles=[], height=0.05, italic=False, languageStyle='LTR', name='RatingText', opacity=1.0, ori=0, pos=array([0., 0.]), rgb=array([255., 255., 255.]), text='default text', units='height', win=Window(...), wrapWidth=1)
18.2872 	EXP 	Created ThanksText = TextStim(__class__=<class 'psychopy.visual.text.TextStim'>, alignHoriz='center', alignVert='center', antialias=True, autoLog=True, bold=False, color='white', colorSpace='named', contrast=1.0, depth=0.0, flipHoriz=False, flipVert=False, font='Arial', fontFiles=[], height=0.05, italic=False, languageStyle='LTR', name='ThanksText', opacity=1.0, ori=0, pos=array([0., 0.]), rgb=array([255., 255., 255.]), text=str(...), units='height', win=Window(...), wrapWidth=1)
18.3228 	EXP 	rating: flipVert = False
18.3228 	EXP 	rating: autoLog = True
18.3228 	EXP 	TODO: autoDraw = True
24.0640 	DATA 	Keypress: space
24.1647 	EXP 	Imported womenimgUrl.xlsx as conditions, 33 conditions, 2 params
24.1650 	EXP 	Created sequence: sequential, trialTypes=33, nReps=1, seed=None
24.1652 	EXP 	New trial (rep=0, index=0): OrderedDict([('Original', 'women1/1-original.jpg'), ('Scramble', 'women1/1-scramble.jpg')])
24.3039 	EXP 	TODO: autoDraw = False
24.3039 	EXP 	baselineImage: image = 'women1/1-scramble.jpg'
24.3039 	EXP 	baselineImage: autoDraw = True
26.2543 	EXP 	baselineImage: autoDraw = False
26.2543 	EXP 	image: image = 'women1/1-original.jpg'
26.2543 	EXP 	image: autoDraw = True
31.1365 	EXP 	RatingScale rating: reset()
31.1934 	EXP 	image: autoDraw = False
31.1934 	EXP 	RatingText: text = 'Do you like this image?'
31.1934 	EXP 	rating: autoDraw = True
31.1934 	EXP 	RatingText: autoDraw = True
33.2400 	DATA 	Mouse: Left button down, pos=(585,315)
33.3198 	DATA 	Mouse:  Left button up, pos=(585,315)
33.9053 	DATA 	Mouse: Left button down, pos=(831,197)
33.9057 	DATA 	RatingScale rating: (mouse response) rating=Yes
33.9057 	DATA 	RatingScale rating: rating RT=2.732
33.9057 	DATA 	RatingScale rating: history=[(None, 0.0), ('Yes', 2.067), ('Yes', 2.732)]
33.9221 	EXP 	New trial (rep=0, index=1): OrderedDict([('Original', 'women1/10-original.jpg'), ('Scramble', 'women1/10-scramble.jpg')])
34.0876 	DATA 	Mouse:  Left button up, pos=(831,197)
34.1000 	EXP 	rating: autoDraw = False
34.1000 	EXP 	RatingText: autoDraw = False
34.1000 	EXP 	baselineImage: image = 'women1/10-scramble.jpg'
34.1000 	EXP 	baselineImage: autoDraw = True
36.2210 	EXP 	baselineImage: autoDraw = False
36.2210 	EXP 	image: image = 'women1/10-original.jpg'
36.2210 	EXP 	image: autoDraw = True
40.9862 	EXP 	RatingScale rating: reset()
41.0031 	EXP 	image: autoDraw = False
41.0031 	EXP 	RatingText: text = 'Do you like this image?'
41.0031 	EXP 	rating: autoDraw = True
41.0031 	EXP 	RatingText: autoDraw = True
42.3443 	DATA 	Mouse: Left button down, pos=(596,311)
42.4268 	DATA 	Mouse:  Left button up, pos=(596,311)
42.9338 	DATA 	Mouse: Left button down, pos=(802,201)
42.9343 	DATA 	RatingScale rating: (mouse response) rating=Yes
42.9344 	DATA 	RatingScale rating: rating RT=1.944
42.9344 	DATA 	RatingScale rating: history=[(None, 0.0), ('Yes', 1.354), ('Yes', 1.944)]
42.9506 	EXP 	New trial (rep=0, index=2): OrderedDict([('Original', 'women1/11-original.jpg'), ('Scramble', 'women1/11-scramble.jpg')])
43.1105 	DATA 	Mouse:  Left button up, pos=(802,201)
43.1208 	EXP 	rating: autoDraw = False
43.1208 	EXP 	RatingText: autoDraw = False
43.1208 	EXP 	baselineImage: image = 'women1/11-scramble.jpg'
43.1208 	EXP 	baselineImage: autoDraw = True
45.2047 	EXP 	baselineImage: autoDraw = False
45.2047 	EXP 	image: image = 'women1/11-original.jpg'
45.2047 	EXP 	image: autoDraw = True
50.0798 	EXP 	RatingScale rating: reset()
50.0963 	EXP 	image: autoDraw = False
50.0963 	EXP 	RatingText: text = 'Do you like this image?'
50.0963 	EXP 	rating: autoDraw = True
50.0963 	EXP 	RatingText: autoDraw = True
51.2889 	DATA 	Mouse: Left button down, pos=(1088,313)
51.3989 	DATA 	Mouse:  Left button up, pos=(1088,313)
52.0699 	DATA 	Mouse: Left button down, pos=(851,207)
52.0703 	DATA 	RatingScale rating: (mouse response) rating=No
52.0703 	DATA 	RatingScale rating: rating RT=1.986
52.0703 	DATA 	RatingScale rating: history=[(None, 0.0), ('No', 1.205), ('No', 1.986)]
52.0866 	EXP 	New trial (rep=0, index=3): OrderedDict([('Original', 'women1/12-original.jpg'), ('Scramble', 'women1/12-scramble.jpg')])
52.2333 	DATA 	Mouse:  Left button up, pos=(851,207)
52.2458 	EXP 	rating: autoDraw = False
52.2458 	EXP 	RatingText: autoDraw = False
52.2458 	EXP 	baselineImage: image = 'women1/12-scramble.jpg'
52.2458 	EXP 	baselineImage: autoDraw = True
54.3378 	EXP 	baselineImage: autoDraw = False
54.3378 	EXP 	image: image = 'women1/12-original.jpg'
54.3378 	EXP 	image: autoDraw = True
59.2155 	EXP 	RatingScale rating: reset()
59.2291 	EXP 	image: autoDraw = False
59.2291 	EXP 	RatingText: text = 'Do you like this image?'
59.2291 	EXP 	rating: autoDraw = True
59.2291 	EXP 	RatingText: autoDraw = True
60.3112 	DATA 	Mouse: Left button down, pos=(598,313)
60.4079 	DATA 	Mouse:  Left button up, pos=(598,313)
61.1430 	DATA 	Mouse: Left button down, pos=(884,210)
61.1433 	DATA 	RatingScale rating: (mouse response) rating=Yes
61.1433 	DATA 	RatingScale rating: rating RT=1.924
61.1434 	DATA 	RatingScale rating: history=[(None, 0.0), ('Yes', 1.092), ('Yes', 1.924)]
61.1593 	EXP 	New trial (rep=0, index=4): OrderedDict([('Original', 'women1/13-original.jpg'), ('Scramble', 'women1/13-scramble.jpg')])
61.3032 	DATA 	Mouse:  Left button up, pos=(884,210)
61.3135 	EXP 	rating: autoDraw = False
61.3135 	EXP 	RatingText: autoDraw = False
61.3135 	EXP 	baselineImage: image = 'women1/13-scramble.jpg'
61.3135 	EXP 	baselineImage: autoDraw = True
63.4098 	EXP 	baselineImage: autoDraw = False
63.4098 	EXP 	image: image = 'women1/13-original.jpg'
63.4098 	EXP 	image: autoDraw = True
68.2857 	EXP 	RatingScale rating: reset()
68.3024 	EXP 	image: autoDraw = False
68.3024 	EXP 	RatingText: text = 'Do you like this image?'
68.3024 	EXP 	rating: autoDraw = True
68.3024 	EXP 	RatingText: autoDraw = True
69.8822 	DATA 	Mouse: Left button down, pos=(1097,315)
69.9984 	DATA 	Mouse:  Left button up, pos=(1097,315)
71.1506 	DATA 	Mouse: Left button down, pos=(853,211)
71.1510 	DATA 	RatingScale rating: (mouse response) rating=No
71.1511 	DATA 	RatingScale rating: rating RT=2.861
71.1511 	DATA 	RatingScale rating: history=[(None, 0.0), ('No', 1.592), ('No', 2.861)]
71.1674 	EXP 	New trial (rep=0, index=5): OrderedDict([('Original', 'women1/14-original.jpg'), ('Scramble', 'women1/14-scramble.jpg')])
71.3112 	DATA 	Mouse:  Left button up, pos=(853,211)
71.3214 	EXP 	rating: autoDraw = False
71.3214 	EXP 	RatingText: autoDraw = False
71.3214 	EXP 	baselineImage: image = 'women1/14-scramble.jpg'
71.3214 	EXP 	baselineImage: autoDraw = True
73.4105 	EXP 	baselineImage: autoDraw = False
73.4105 	EXP 	image: image = 'women1/14-original.jpg'
73.4105 	EXP 	image: autoDraw = True
78.2902 	EXP 	RatingScale rating: reset()
78.3054 	EXP 	image: autoDraw = False
78.3054 	EXP 	RatingText: text = 'Do you like this image?'
78.3054 	EXP 	rating: autoDraw = True
78.3054 	EXP 	RatingText: autoDraw = True
80.7758 	DATA 	Mouse: Left button down, pos=(1087,318)
80.8728 	DATA 	Mouse:  Left button up, pos=(1087,318)
81.5917 	DATA 	Mouse: Left button down, pos=(835,198)
81.5920 	DATA 	RatingScale rating: (mouse response) rating=No
81.5920 	DATA 	RatingScale rating: rating RT=3.297
81.5921 	DATA 	RatingScale rating: history=[(None, 0.0), ('No', 2.482), ('No', 3.297)]
81.6078 	EXP 	New trial (rep=0, index=6): OrderedDict([('Original', 'women1/15-original.jpg'), ('Scramble', 'women1/15-scramble.jpg')])
81.7441 	DATA 	Mouse:  Left button up, pos=(835,198)
81.7541 	EXP 	rating: autoDraw = False
81.7541 	EXP 	RatingText: autoDraw = False
81.7541 	EXP 	baselineImage: image = 'women1/15-scramble.jpg'
81.7541 	EXP 	baselineImage: autoDraw = True
83.8638 	EXP 	baselineImage: autoDraw = False
83.8638 	EXP 	image: image = 'women1/15-original.jpg'
83.8638 	EXP 	image: autoDraw = True
88.7332 	EXP 	RatingScale rating: reset()
88.7474 	EXP 	image: autoDraw = False
88.7474 	EXP 	RatingText: text = 'Do you like this image?'
88.7474 	EXP 	rating: autoDraw = True
88.7474 	EXP 	RatingText: autoDraw = True
90.2490 	DATA 	Mouse: Left button down, pos=(1098,313)
90.3465 	DATA 	Mouse:  Left button up, pos=(1098,313)
90.9154 	DATA 	Mouse: Left button down, pos=(826,207)
90.9157 	DATA 	RatingScale rating: (mouse response) rating=No
90.9158 	DATA 	RatingScale rating: rating RT=2.178
90.9158 	DATA 	RatingScale rating: history=[(None, 0.0), ('No', 1.511), ('No', 2.178)]
90.9316 	EXP 	New trial (rep=0, index=7): OrderedDict([('Original', 'women1/16-original.jpg'), ('Scramble', 'women1/16-scramble.jpg')])
91.0708 	DATA 	Mouse:  Left button up, pos=(826,207)
91.0812 	EXP 	rating: autoDraw = False
91.0812 	EXP 	RatingText: autoDraw = False
91.0812 	EXP 	baselineImage: image = 'women1/16-scramble.jpg'
91.0812 	EXP 	baselineImage: autoDraw = True
93.1950 	EXP 	baselineImage: autoDraw = False
93.1950 	EXP 	image: image = 'women1/16-original.jpg'
93.1950 	EXP 	image: autoDraw = True
97.9569 	EXP 	RatingScale rating: reset()
97.9733 	EXP 	image: autoDraw = False
97.9733 	EXP 	RatingText: text = 'Do you like this image?'
97.9733 	EXP 	rating: autoDraw = True
97.9733 	EXP 	RatingText: autoDraw = True
99.7716 	DATA 	Mouse: Left button down, pos=(586,314)
99.8706 	DATA 	Mouse:  Left button up, pos=(586,314)
100.5234 	DATA 	Mouse: Left button down, pos=(888,188)
100.5238 	DATA 	RatingScale rating: (mouse response) rating=Yes
100.5238 	DATA 	RatingScale rating: rating RT=2.562
100.5238 	DATA 	RatingScale rating: history=[(None, 0.0), ('Yes', 1.81), ('Yes', 2.562)]
100.5405 	EXP 	New trial (rep=0, index=8): OrderedDict([('Original', 'women1/17-original.jpg'), ('Scramble', 'women1/17-scramble.jpg')])
100.7003 	DATA 	Mouse:  Left button up, pos=(888,188)
100.7112 	EXP 	rating: autoDraw = False
100.7112 	EXP 	RatingText: autoDraw = False
100.7112 	EXP 	baselineImage: image = 'women1/17-scramble.jpg'
100.7112 	EXP 	baselineImage: autoDraw = True
102.8009 	EXP 	baselineImage: autoDraw = False
102.8009 	EXP 	image: image = 'women1/17-original.jpg'
102.8009 	EXP 	image: autoDraw = True
107.5511 	EXP 	RatingScale rating: reset()
107.5681 	EXP 	image: autoDraw = False
107.5681 	EXP 	RatingText: text = 'Do you like this image?'
107.5681 	EXP 	rating: autoDraw = True
107.5681 	EXP 	RatingText: autoDraw = True
109.2467 	DATA 	Mouse: Left button down, pos=(592,320)
109.3295 	DATA 	Mouse:  Left button up, pos=(592,320)
109.9983 	DATA 	Mouse: Left button down, pos=(822,207)
109.9987 	DATA 	RatingScale rating: (mouse response) rating=Yes
109.9988 	DATA 	RatingScale rating: rating RT=2.443
109.9988 	DATA 	RatingScale rating: history=[(None, 0.0), ('Yes', 1.706), ('Yes', 2.443)]
110.0152 	EXP 	New trial (rep=0, index=9): OrderedDict([('Original', 'women1/18-original.jpg'), ('Scramble', 'women1/18-scramble.jpg')])
110.1611 	DATA 	Mouse:  Left button up, pos=(822,207)
110.1735 	EXP 	rating: autoDraw = False
110.1735 	EXP 	RatingText: autoDraw = False
110.1735 	EXP 	baselineImage: image = 'women1/18-scramble.jpg'
110.1735 	EXP 	baselineImage: autoDraw = True
112.2419 	EXP 	baselineImage: autoDraw = False
112.2419 	EXP 	image: image = 'women1/18-original.jpg'
112.2419 	EXP 	image: autoDraw = True
117.1193 	EXP 	RatingScale rating: reset()
117.1361 	EXP 	image: autoDraw = False
117.1361 	EXP 	RatingText: text = 'Do you like this image?'
117.1361 	EXP 	rating: autoDraw = True
117.1361 	EXP 	RatingText: autoDraw = True
118.6856 	DATA 	Mouse: Left button down, pos=(1082,321)
118.7681 	DATA 	Mouse:  Left button up, pos=(1082,321)
119.3704 	DATA 	Mouse: Left button down, pos=(845,205)
119.3708 	DATA 	RatingScale rating: (mouse response) rating=No
119.3708 	DATA 	RatingScale rating: rating RT=2.247
119.3708 	DATA 	RatingScale rating: history=[(None, 0.0), ('No', 1.562), ('No', 2.247)]
119.3868 	EXP 	New trial (rep=0, index=10): OrderedDict([('Original', 'women1/19-original.jpg'), ('Scramble', 'women1/19-scramble.jpg')])
119.5288 	DATA 	Mouse:  Left button up, pos=(845,205)
119.5398 	EXP 	rating: autoDraw = False
119.5398 	EXP 	RatingText: autoDraw = False
119.5398 	EXP 	baselineImage: image = 'women1/19-scramble.jpg'
119.5398 	EXP 	baselineImage: autoDraw = True
121.6472 	EXP 	baselineImage: autoDraw = False
121.6472 	EXP 	image: image = 'women1/19-original.jpg'
121.6472 	EXP 	image: autoDraw = True
126.4082 	EXP 	RatingScale rating: reset()
126.4242 	EXP 	image: autoDraw = False
126.4242 	EXP 	RatingText: text = 'Do you like this image?'
126.4242 	EXP 	rating: autoDraw = True
126.4242 	EXP 	RatingText: autoDraw = True
127.8942 	DATA 	Mouse: Left button down, pos=(1084,300)
127.9918 	DATA 	Mouse:  Left button up, pos=(1084,300)
128.5615 	DATA 	Mouse: Left button down, pos=(895,206)
128.5619 	DATA 	RatingScale rating: (mouse response) rating=No
128.5619 	DATA 	RatingScale rating: rating RT=2.149
128.5619 	DATA 	RatingScale rating: history=[(None, 0.0), ('No', 1.482), ('No', 2.149)]
128.5786 	EXP 	New trial (rep=0, index=11): OrderedDict([('Original', 'women1/2-original.jpg'), ('Scramble', 'women1/2-scramble.jpg')])
128.6993 	DATA 	Mouse:  Left button up, pos=(895,206)
128.7092 	EXP 	rating: autoDraw = False
128.7092 	EXP 	RatingText: autoDraw = False
128.7092 	EXP 	baselineImage: image = 'women1/2-scramble.jpg'
128.7092 	EXP 	baselineImage: autoDraw = True
130.7629 	EXP 	baselineImage: autoDraw = False
130.7629 	EXP 	image: image = 'women1/2-original.jpg'
130.7629 	EXP 	image: autoDraw = True
135.6262 	EXP 	RatingScale rating: reset()
135.6389 	EXP 	image: autoDraw = False
135.6389 	EXP 	RatingText: text = 'Do you like this image?'
135.6389 	EXP 	rating: autoDraw = True
135.6389 	EXP 	RatingText: autoDraw = True
136.8024 	DATA 	Mouse: Left button down, pos=(1095,314)
136.9002 	DATA 	Mouse:  Left button up, pos=(1095,314)
137.4347 	DATA 	Mouse: Left button down, pos=(881,207)
137.4351 	DATA 	RatingScale rating: (mouse response) rating=No
137.4351 	DATA 	RatingScale rating: rating RT=1.805
137.4351 	DATA 	RatingScale rating: history=[(None, 0.0), ('No', 1.172), ('No', 1.805)]
137.4512 	EXP 	New trial (rep=0, index=12): OrderedDict([('Original', 'women1/20-original.jpg'), ('Scramble', 'women1/20-scramble.jpg')])
137.6027 	DATA 	Mouse:  Left button up, pos=(881,207)
137.6133 	EXP 	rating: autoDraw = False
137.6133 	EXP 	RatingText: autoDraw = False
137.6133 	EXP 	baselineImage: image = 'women1/20-scramble.jpg'
137.6133 	EXP 	baselineImage: autoDraw = True
139.7134 	EXP 	baselineImage: autoDraw = False
139.7134 	EXP 	image: image = 'women1/20-original.jpg'
139.7134 	EXP 	image: autoDraw = True
144.4740 	EXP 	RatingScale rating: reset()
144.4878 	EXP 	image: autoDraw = False
144.4878 	EXP 	RatingText: text = 'Do you like this image?'
144.4878 	EXP 	rating: autoDraw = True
144.4878 	EXP 	RatingText: autoDraw = True
145.5393 	DATA 	Mouse: Left button down, pos=(598,316)
145.6387 	DATA 	Mouse:  Left button up, pos=(598,316)
146.2408 	DATA 	Mouse: Left button down, pos=(770,203)
146.2412 	DATA 	RatingScale rating: (mouse response) rating=Yes
146.2412 	DATA 	RatingScale rating: rating RT=1.763
146.2412 	DATA 	RatingScale rating: history=[(None, 0.0), ('Yes', 1.061), ('Yes', 1.763)]
146.2568 	EXP 	New trial (rep=0, index=13): OrderedDict([('Original', 'women1/21-original.jpg'), ('Scramble', 'women1/21-scramble.jpg')])
146.4000 	DATA 	Mouse:  Left button up, pos=(770,203)
146.4127 	EXP 	rating: autoDraw = False
146.4127 	EXP 	RatingText: autoDraw = False
146.4127 	EXP 	baselineImage: image = 'women1/21-scramble.jpg'
146.4127 	EXP 	baselineImage: autoDraw = True
148.5084 	EXP 	baselineImage: autoDraw = False
148.5084 	EXP 	image: image = 'women1/21-original.jpg'
148.5084 	EXP 	image: autoDraw = True
153.2743 	EXP 	RatingScale rating: reset()
153.2912 	EXP 	image: autoDraw = False
153.2912 	EXP 	RatingText: text = 'Do you like this image?'
153.2912 	EXP 	rating: autoDraw = True
153.2912 	EXP 	RatingText: autoDraw = True
154.5832 	DATA 	Mouse: Left button down, pos=(1087,314)
154.6627 	DATA 	Mouse:  Left button up, pos=(1087,314)
155.1475 	DATA 	Mouse: Left button down, pos=(774,179)
155.1478 	DATA 	RatingScale rating: (mouse response) rating=No
155.1479 	DATA 	RatingScale rating: rating RT=1.869
155.1479 	DATA 	RatingScale rating: history=[(None, 0.0), ('No', 1.305), ('No', 1.869)]
155.1638 	EXP 	New trial (rep=0, index=14): OrderedDict([('Original', 'women1/22-original.jpg'), ('Scramble', 'women1/22-scramble.jpg')])
155.3139 	DATA 	Mouse:  Left button up, pos=(774,179)
155.3242 	EXP 	rating: autoDraw = False
155.3242 	EXP 	RatingText: autoDraw = False
155.3242 	EXP 	baselineImage: image = 'women1/22-scramble.jpg'
155.3242 	EXP 	baselineImage: autoDraw = True
157.4115 	EXP 	baselineImage: autoDraw = False
157.4115 	EXP 	image: image = 'women1/22-original.jpg'
157.4115 	EXP 	image: autoDraw = True
162.1794 	EXP 	RatingScale rating: reset()
162.1924 	EXP 	image: autoDraw = False
162.1924 	EXP 	RatingText: text = 'Do you like this image?'
162.1924 	EXP 	rating: autoDraw = True
162.1924 	EXP 	RatingText: autoDraw = True
164.2535 	DATA 	Mouse: Left button down, pos=(1097,317)
164.3528 	DATA 	Mouse:  Left button up, pos=(1097,317)
164.8218 	DATA 	Mouse: Left button down, pos=(798,176)
164.8222 	DATA 	RatingScale rating: (mouse response) rating=No
164.8222 	DATA 	RatingScale rating: rating RT=2.639
164.8222 	DATA 	RatingScale rating: history=[(None, 0.0), ('No', 2.07), ('No', 2.639)]
164.8381 	EXP 	New trial (rep=0, index=15): OrderedDict([('Original', 'women1/23-original.jpg'), ('Scramble', 'women1/23-scramble.jpg')])
164.9811 	DATA 	Mouse:  Left button up, pos=(798,176)
164.9917 	EXP 	rating: autoDraw = False
164.9917 	EXP 	RatingText: autoDraw = False
164.9917 	EXP 	baselineImage: image = 'women1/23-scramble.jpg'
164.9917 	EXP 	baselineImage: autoDraw = True
167.0735 	EXP 	baselineImage: autoDraw = False
167.0735 	EXP 	image: image = 'women1/23-original.jpg'
167.0735 	EXP 	image: autoDraw = True
171.9428 	EXP 	RatingScale rating: reset()
171.9568 	EXP 	image: autoDraw = False
171.9568 	EXP 	RatingText: text = 'Do you like this image?'
171.9568 	EXP 	rating: autoDraw = True
171.9568 	EXP 	RatingText: autoDraw = True
173.7513 	DATA 	Mouse: Left button down, pos=(591,319)
173.8371 	DATA 	Mouse:  Left button up, pos=(591,319)
174.5125 	DATA 	Mouse: Left button down, pos=(808,195)
174.5129 	DATA 	RatingScale rating: (mouse response) rating=Yes
174.5130 	DATA 	RatingScale rating: rating RT=2.566
174.5130 	DATA 	RatingScale rating: history=[(None, 0.0), ('Yes', 1.819), ('Yes', 2.566)]
174.5301 	EXP 	New trial (rep=0, index=16): OrderedDict([('Original', 'women1/24-original.jpg'), ('Scramble', 'women1/24-scramble.jpg')])
174.6722 	DATA 	Mouse:  Left button up, pos=(808,195)
174.6828 	EXP 	rating: autoDraw = False
174.6828 	EXP 	RatingText: autoDraw = False
174.6828 	EXP 	baselineImage: image = 'women1/24-scramble.jpg'
174.6828 	EXP 	baselineImage: autoDraw = True
176.7597 	EXP 	baselineImage: autoDraw = False
176.7597 	EXP 	image: image = 'women1/24-original.jpg'
176.7597 	EXP 	image: autoDraw = True
181.6292 	EXP 	RatingScale rating: reset()
181.6430 	EXP 	image: autoDraw = False
181.6430 	EXP 	RatingText: text = 'Do you like this image?'
181.6430 	EXP 	rating: autoDraw = True
181.6430 	EXP 	RatingText: autoDraw = True
182.8393 	DATA 	Mouse: Left button down, pos=(1090,320)
182.9274 	DATA 	Mouse:  Left button up, pos=(1090,320)
183.5862 	DATA 	Mouse: Left button down, pos=(859,220)
183.5866 	DATA 	RatingScale rating: (mouse response) rating=No
183.5866 	DATA 	RatingScale rating: rating RT=1.953
183.5867 	DATA 	RatingScale rating: history=[(None, 0.0), ('No', 1.222), ('No', 1.953)]
183.6033 	EXP 	New trial (rep=0, index=17): OrderedDict([('Original', 'women1/25-original.jpg'), ('Scramble', 'women1/25-scramble.jpg')])
183.7413 	DATA 	Mouse:  Left button up, pos=(859,220)
183.7512 	EXP 	rating: autoDraw = False
183.7512 	EXP 	RatingText: autoDraw = False
183.7512 	EXP 	baselineImage: image = 'women1/25-scramble.jpg'
183.7512 	EXP 	baselineImage: autoDraw = True
185.8513 	EXP 	baselineImage: autoDraw = False
185.8513 	EXP 	image: image = 'women1/25-original.jpg'
185.8513 	EXP 	image: autoDraw = True
190.7113 	EXP 	RatingScale rating: reset()
190.7240 	EXP 	image: autoDraw = False
190.7240 	EXP 	RatingText: text = 'Do you like this image?'
190.7240 	EXP 	rating: autoDraw = True
190.7240 	EXP 	RatingText: autoDraw = True
192.2799 	DATA 	Mouse: Left button down, pos=(1098,317)
192.3895 	DATA 	Mouse:  Left button up, pos=(1098,317)
192.8436 	DATA 	Mouse: Left button down, pos=(784,198)
192.8440 	DATA 	RatingScale rating: (mouse response) rating=No
192.8440 	DATA 	RatingScale rating: rating RT=2.129
192.8441 	DATA 	RatingScale rating: history=[(None, 0.0), ('No', 1.565), ('No', 2.129)]
192.8607 	EXP 	New trial (rep=0, index=18): OrderedDict([('Original', 'women1/26-original.jpg'), ('Scramble', 'women1/26-scramble.jpg')])
193.0379 	DATA 	Mouse:  Left button up, pos=(784,198)
193.0501 	EXP 	rating: autoDraw = False
193.0501 	EXP 	RatingText: autoDraw = False
193.0501 	EXP 	baselineImage: image = 'women1/26-scramble.jpg'
193.0501 	EXP 	baselineImage: autoDraw = True
195.0965 	EXP 	baselineImage: autoDraw = False
195.0965 	EXP 	image: image = 'women1/26-original.jpg'
195.0965 	EXP 	image: autoDraw = True
199.9689 	EXP 	RatingScale rating: reset()
199.9807 	EXP 	image: autoDraw = False
199.9807 	EXP 	RatingText: text = 'Do you like this image?'
199.9807 	EXP 	rating: autoDraw = True
199.9807 	EXP 	RatingText: autoDraw = True
201.2820 	DATA 	Mouse: Left button down, pos=(1098,315)
201.3812 	DATA 	Mouse:  Left button up, pos=(1098,315)
201.9165 	DATA 	Mouse: Left button down, pos=(818,197)
201.9169 	DATA 	RatingScale rating: (mouse response) rating=No
201.9169 	DATA 	RatingScale rating: rating RT=1.944
201.9169 	DATA 	RatingScale rating: history=[(None, 0.0), ('No', 1.31), ('No', 1.944)]
201.9331 	EXP 	New trial (rep=0, index=19): OrderedDict([('Original', 'women1/27-original.jpg'), ('Scramble', 'women1/27-scramble.jpg')])
202.0694 	DATA 	Mouse:  Left button up, pos=(818,197)
202.0793 	EXP 	rating: autoDraw = False
202.0793 	EXP 	RatingText: autoDraw = False
202.0793 	EXP 	baselineImage: image = 'women1/27-scramble.jpg'
202.0793 	EXP 	baselineImage: autoDraw = True
204.1481 	EXP 	baselineImage: autoDraw = False
204.1481 	EXP 	image: image = 'women1/27-original.jpg'
204.1481 	EXP 	image: autoDraw = True
209.0231 	EXP 	RatingScale rating: reset()
209.0390 	EXP 	image: autoDraw = False
209.0390 	EXP 	RatingText: text = 'Do you like this image?'
209.0390 	EXP 	rating: autoDraw = True
209.0390 	EXP 	RatingText: autoDraw = True
210.7065 	DATA 	Mouse: Left button down, pos=(600,313)
210.8040 	DATA 	Mouse:  Left button up, pos=(600,313)
211.2736 	DATA 	Mouse: Left button down, pos=(829,208)
211.2740 	DATA 	RatingScale rating: (mouse response) rating=Yes
211.2740 	DATA 	RatingScale rating: rating RT=2.247
211.2740 	DATA 	RatingScale rating: history=[(None, 0.0), ('Yes', 1.679), ('Yes', 2.247)]
211.2899 	EXP 	New trial (rep=0, index=20): OrderedDict([('Original', 'women1/28-original.jpg'), ('Scramble', 'women1/28-scramble.jpg')])
211.4219 	DATA 	Mouse:  Left button up, pos=(829,208)
211.4323 	EXP 	rating: autoDraw = False
211.4323 	EXP 	RatingText: autoDraw = False
211.4323 	EXP 	baselineImage: image = 'women1/28-scramble.jpg'
211.4323 	EXP 	baselineImage: autoDraw = True
213.5161 	EXP 	baselineImage: autoDraw = False
213.5161 	EXP 	image: image = 'women1/28-original.jpg'
213.5161 	EXP 	image: autoDraw = True
218.3829 	EXP 	RatingScale rating: reset()
218.3954 	EXP 	image: autoDraw = False
218.3954 	EXP 	RatingText: text = 'Do you like this image?'
218.3954 	EXP 	rating: autoDraw = True
218.3954 	EXP 	RatingText: autoDraw = True
219.7995 	DATA 	Mouse: Left button down, pos=(1085,312)
219.8789 	DATA 	Mouse:  Left button up, pos=(1085,312)
220.4854 	DATA 	Mouse: Left button down, pos=(863,211)
220.4858 	DATA 	RatingScale rating: (mouse response) rating=No
220.4859 	DATA 	RatingScale rating: rating RT=2.099
220.4859 	DATA 	RatingScale rating: history=[(None, 0.0), ('No', 1.413), ('No', 2.099)]
220.5016 	EXP 	New trial (rep=0, index=21): OrderedDict([('Original', 'women1/29-original.jpg'), ('Scramble', 'women1/29-scramble.jpg')])
220.6396 	DATA 	Mouse:  Left button up, pos=(863,211)
220.6497 	EXP 	rating: autoDraw = False
220.6497 	EXP 	RatingText: autoDraw = False
220.6497 	EXP 	baselineImage: image = 'women1/29-scramble.jpg'
220.6497 	EXP 	baselineImage: autoDraw = True
222.7434 	EXP 	baselineImage: autoDraw = False
222.7434 	EXP 	image: image = 'women1/29-original.jpg'
222.7434 	EXP 	image: autoDraw = True
227.6088 	EXP 	RatingScale rating: reset()
227.6250 	EXP 	image: autoDraw = False
227.6250 	EXP 	RatingText: text = 'Do you like this image?'
227.6250 	EXP 	rating: autoDraw = True
227.6250 	EXP 	RatingText: autoDraw = True
228.5739 	DATA 	Mouse: Left button down, pos=(595,314)
228.6690 	DATA 	Mouse:  Left button up, pos=(595,314)
229.2218 	DATA 	Mouse: Left button down, pos=(867,197)
229.2222 	DATA 	RatingScale rating: (mouse response) rating=Yes
229.2222 	DATA 	RatingScale rating: rating RT=1.609
229.2222 	DATA 	RatingScale rating: history=[(None, 0.0), ('Yes', 0.961), ('Yes', 1.609)]
229.2375 	EXP 	New trial (rep=0, index=22): OrderedDict([('Original', 'women1/3-original.jpg'), ('Scramble', 'women1/3-scramble.jpg')])
229.3517 	DATA 	Mouse:  Left button up, pos=(867,197)
229.3617 	EXP 	rating: autoDraw = False
229.3617 	EXP 	RatingText: autoDraw = False
229.3617 	EXP 	baselineImage: image = 'women1/3-scramble.jpg'
229.3617 	EXP 	baselineImage: autoDraw = True
231.4125 	EXP 	baselineImage: autoDraw = False
231.4125 	EXP 	image: image = 'women1/3-original.jpg'
231.4125 	EXP 	image: autoDraw = True
236.2844 	EXP 	RatingScale rating: reset()
236.3005 	EXP 	image: autoDraw = False
236.3005 	EXP 	RatingText: text = 'Do you like this image?'
236.3005 	EXP 	rating: autoDraw = True
236.3005 	EXP 	RatingText: autoDraw = True
237.6780 	DATA 	Mouse: Left button down, pos=(1099,314)
237.7922 	DATA 	Mouse:  Left button up, pos=(1099,314)
238.2458 	DATA 	Mouse: Left button down, pos=(921,179)
238.2613 	DATA 	RatingScale rating: (mouse response) rating=No
238.2613 	DATA 	RatingScale rating: rating RT=1.973
238.2614 	DATA 	RatingScale rating: history=[(None, 0.0), ('No', 1.404), ('No', 1.972)]
238.2773 	EXP 	New trial (rep=0, index=23): OrderedDict([('Original', 'women1/30-original.jpg'), ('Scramble', 'women1/30-scramble.jpg')])
238.4062 	DATA 	Mouse:  Left button up, pos=(921,179)
238.4169 	EXP 	rating: autoDraw = False
238.4169 	EXP 	RatingText: autoDraw = False
238.4169 	EXP 	baselineImage: image = 'women1/30-scramble.jpg'
238.4169 	EXP 	baselineImage: autoDraw = True
240.4997 	EXP 	baselineImage: autoDraw = False
240.4997 	EXP 	image: image = 'women1/30-original.jpg'
240.4997 	EXP 	image: autoDraw = True
245.3741 	EXP 	RatingScale rating: reset()
245.3903 	EXP 	image: autoDraw = False
245.3903 	EXP 	RatingText: text = 'Do you like this image?'
245.3903 	EXP 	rating: autoDraw = True
245.3903 	EXP 	RatingText: autoDraw = True
246.6197 	DATA 	Mouse: Left button down, pos=(1093,310)
246.7155 	DATA 	Mouse:  Left button up, pos=(1093,310)
247.1197 	DATA 	Mouse: Left button down, pos=(943,218)
247.1202 	DATA 	RatingScale rating: (mouse response) rating=No
247.1202 	DATA 	RatingScale rating: rating RT=1.742
247.1203 	DATA 	RatingScale rating: history=[(None, 0.0), ('No', 1.242), ('No', 1.742)]
247.1499 	EXP 	New trial (rep=0, index=24): OrderedDict([('Original', 'women1/31-original.jpg'), ('Scramble', 'women1/31-scramble.jpg')])
247.2983 	DATA 	Mouse:  Left button up, pos=(943,218)
247.3094 	EXP 	rating: autoDraw = False
247.3094 	EXP 	RatingText: autoDraw = False
247.3094 	EXP 	baselineImage: image = 'women1/31-scramble.jpg'
247.3094 	EXP 	baselineImage: autoDraw = True
249.4507 	EXP 	baselineImage: autoDraw = False
249.4507 	EXP 	image: image = 'women1/31-original.jpg'
249.4507 	EXP 	image: autoDraw = True
254.2006 	EXP 	RatingScale rating: reset()
254.2139 	EXP 	image: autoDraw = False
254.2139 	EXP 	RatingText: text = 'Do you like this image?'
254.2139 	EXP 	rating: autoDraw = True
254.2139 	EXP 	RatingText: autoDraw = True
255.7101 	DATA 	Mouse: Left button down, pos=(590,313)
255.7893 	DATA 	Mouse:  Left button up, pos=(590,313)
256.2411 	DATA 	Mouse: Left button down, pos=(789,206)
256.2415 	DATA 	RatingScale rating: (mouse response) rating=Yes
256.2415 	DATA 	RatingScale rating: rating RT=2.037
256.2415 	DATA 	RatingScale rating: history=[(None, 0.0), ('Yes', 1.506), ('Yes', 2.037)]
256.2568 	EXP 	New trial (rep=0, index=25): OrderedDict([('Original', 'women1/32-original.jpg'), ('Scramble', 'women1/32-scramble.jpg')])
256.4009 	DATA 	Mouse:  Left button up, pos=(789,206)
256.4132 	EXP 	rating: autoDraw = False
256.4132 	EXP 	RatingText: autoDraw = False
256.4132 	EXP 	baselineImage: image = 'women1/32-scramble.jpg'
256.4132 	EXP 	baselineImage: autoDraw = True
258.5129 	EXP 	baselineImage: autoDraw = False
258.5129 	EXP 	image: image = 'women1/32-original.jpg'
258.5129 	EXP 	image: autoDraw = True
263.2749 	EXP 	RatingScale rating: reset()
263.2910 	EXP 	image: autoDraw = False
263.2910 	EXP 	RatingText: text = 'Do you like this image?'
263.2910 	EXP 	rating: autoDraw = True
263.2910 	EXP 	RatingText: autoDraw = True
264.7815 	DATA 	Mouse: Left button down, pos=(1087,316)
264.8806 	DATA 	Mouse:  Left button up, pos=(1087,316)
265.3995 	DATA 	Mouse: Left button down, pos=(856,207)
265.4000 	DATA 	RatingScale rating: (mouse response) rating=No
265.4000 	DATA 	RatingScale rating: rating RT=2.121
265.4001 	DATA 	RatingScale rating: history=[(None, 0.0), ('No', 1.503), ('No', 2.121)]
265.4182 	EXP 	New trial (rep=0, index=26): OrderedDict([('Original', 'women1/33-original.jpg'), ('Scramble', 'women1/33-scramble.jpg')])
265.5622 	DATA 	Mouse:  Left button up, pos=(856,207)
265.5725 	EXP 	rating: autoDraw = False
265.5725 	EXP 	RatingText: autoDraw = False
265.5725 	EXP 	baselineImage: image = 'women1/33-scramble.jpg'
265.5725 	EXP 	baselineImage: autoDraw = True
267.6501 	EXP 	baselineImage: autoDraw = False
267.6501 	EXP 	image: image = 'women1/33-original.jpg'
267.6501 	EXP 	image: autoDraw = True
272.5183 	EXP 	RatingScale rating: reset()
272.5326 	EXP 	image: autoDraw = False
272.5326 	EXP 	RatingText: text = 'Do you like this image?'
272.5326 	EXP 	rating: autoDraw = True
272.5326 	EXP 	RatingText: autoDraw = True
273.3697 	DATA 	Mouse: Left button down, pos=(1080,318)
273.4863 	DATA 	Mouse:  Left button up, pos=(1080,318)
273.9387 	DATA 	Mouse: Left button down, pos=(852,180)
273.9391 	DATA 	RatingScale rating: (mouse response) rating=No
273.9391 	DATA 	RatingScale rating: rating RT=1.417
273.9392 	DATA 	RatingScale rating: history=[(None, 0.0), ('No', 0.847), ('No', 1.417)]
273.9558 	EXP 	New trial (rep=0, index=27): OrderedDict([('Original', 'women1/4-original.jpg'), ('Scramble', 'women1/4-scramble.jpg')])
274.0687 	DATA 	Mouse:  Left button up, pos=(852,180)
274.0785 	EXP 	rating: autoDraw = False
274.0785 	EXP 	RatingText: autoDraw = False
274.0785 	EXP 	baselineImage: image = 'women1/4-scramble.jpg'
274.0785 	EXP 	baselineImage: autoDraw = True
276.1304 	EXP 	baselineImage: autoDraw = False
276.1304 	EXP 	image: image = 'women1/4-original.jpg'
276.1304 	EXP 	image: autoDraw = True
280.9969 	EXP 	RatingScale rating: reset()
281.0109 	EXP 	image: autoDraw = False
281.0109 	EXP 	RatingText: text = 'Do you like this image?'
281.0109 	EXP 	rating: autoDraw = True
281.0109 	EXP 	RatingText: autoDraw = True
282.3948 	DATA 	Mouse: Left button down, pos=(595,314)
282.4940 	DATA 	Mouse:  Left button up, pos=(595,314)
282.9781 	DATA 	Mouse: Left button down, pos=(809,205)
282.9785 	DATA 	RatingScale rating: (mouse response) rating=Yes
282.9786 	DATA 	RatingScale rating: rating RT=1.977
282.9786 	DATA 	RatingScale rating: history=[(None, 0.0), ('Yes', 1.394), ('Yes', 1.977)]
282.9944 	EXP 	New trial (rep=0, index=28): OrderedDict([('Original', 'women1/5-original.jpg'), ('Scramble', 'women1/5-scramble.jpg')])
283.1059 	DATA 	Mouse:  Left button up, pos=(809,205)
283.1156 	EXP 	rating: autoDraw = False
283.1156 	EXP 	RatingText: autoDraw = False
283.1156 	EXP 	baselineImage: image = 'women1/5-scramble.jpg'
283.1156 	EXP 	baselineImage: autoDraw = True
285.1627 	EXP 	baselineImage: autoDraw = False
285.1627 	EXP 	image: image = 'women1/5-original.jpg'
285.1627 	EXP 	image: autoDraw = True
290.0289 	EXP 	RatingScale rating: reset()
290.0450 	EXP 	image: autoDraw = False
290.0450 	EXP 	RatingText: text = 'Do you like this image?'
290.0450 	EXP 	rating: autoDraw = True
290.0450 	EXP 	RatingText: autoDraw = True
291.9693 	DATA 	Mouse: Left button down, pos=(1094,317)
292.0524 	DATA 	Mouse:  Left button up, pos=(1094,317)
293.4695 	DATA 	Mouse: Left button down, pos=(807,187)
293.4699 	DATA 	RatingScale rating: (mouse response) rating=No
293.4699 	DATA 	RatingScale rating: rating RT=3.437
293.4699 	DATA 	RatingScale rating: history=[(None, 0.0), ('No', 1.936), ('No', 3.437)]
293.4856 	EXP 	New trial (rep=0, index=29): OrderedDict([('Original', 'women1/6-original.jpg'), ('Scramble', 'women1/6-scramble.jpg')])
293.6346 	DATA 	Mouse:  Left button up, pos=(807,187)
293.6461 	EXP 	rating: autoDraw = False
293.6461 	EXP 	RatingText: autoDraw = False
293.6461 	EXP 	baselineImage: image = 'women1/6-scramble.jpg'
293.6461 	EXP 	baselineImage: autoDraw = True
295.7477 	EXP 	baselineImage: autoDraw = False
295.7477 	EXP 	image: image = 'women1/6-original.jpg'
295.7477 	EXP 	image: autoDraw = True
300.5026 	EXP 	RatingScale rating: reset()
300.5187 	EXP 	image: autoDraw = False
300.5187 	EXP 	RatingText: text = 'Do you like this image?'
300.5187 	EXP 	rating: autoDraw = True
300.5187 	EXP 	RatingText: autoDraw = True
301.8469 	DATA 	Mouse: Left button down, pos=(1099,316)
301.9746 	DATA 	Mouse:  Left button up, pos=(1099,316)
302.3762 	DATA 	Mouse: Left button down, pos=(869,209)
302.3765 	DATA 	RatingScale rating: (mouse response) rating=No
302.3766 	DATA 	RatingScale rating: rating RT=1.870
302.3766 	DATA 	RatingScale rating: history=[(None, 0.0), ('No', 1.34), ('No', 1.87)]
302.3923 	EXP 	New trial (rep=0, index=30): OrderedDict([('Original', 'women1/7-original.jpg'), ('Scramble', 'women1/7-scramble.jpg')])
302.5275 	DATA 	Mouse:  Left button up, pos=(869,209)
302.5379 	EXP 	rating: autoDraw = False
302.5379 	EXP 	RatingText: autoDraw = False
302.5379 	EXP 	baselineImage: image = 'women1/7-scramble.jpg'
302.5379 	EXP 	baselineImage: autoDraw = True
304.6234 	EXP 	baselineImage: autoDraw = False
304.6234 	EXP 	image: image = 'women1/7-original.jpg'
304.6234 	EXP 	image: autoDraw = True
309.4937 	EXP 	RatingScale rating: reset()
309.5096 	EXP 	image: autoDraw = False
309.5096 	EXP 	RatingText: text = 'Do you like this image?'
309.5096 	EXP 	rating: autoDraw = True
309.5096 	EXP 	RatingText: autoDraw = True
311.0706 	DATA 	Mouse: Left button down, pos=(590,318)
311.1647 	DATA 	Mouse:  Left button up, pos=(590,318)
311.8177 	DATA 	Mouse: Left button down, pos=(827,204)
311.8181 	DATA 	RatingScale rating: (mouse response) rating=Yes
311.8181 	DATA 	RatingScale rating: rating RT=2.320
311.8182 	DATA 	RatingScale rating: history=[(None, 0.0), ('Yes', 1.573), ('Yes', 2.32)]
311.8347 	EXP 	New trial (rep=0, index=31): OrderedDict([('Original', 'women1/8-original.jpg'), ('Scramble', 'women1/8-scramble.jpg')])
311.9693 	DATA 	Mouse:  Left button up, pos=(827,204)
311.9793 	EXP 	rating: autoDraw = False
311.9793 	EXP 	RatingText: autoDraw = False
311.9793 	EXP 	baselineImage: image = 'women1/8-scramble.jpg'
311.9793 	EXP 	baselineImage: autoDraw = True
314.1308 	EXP 	baselineImage: autoDraw = False
314.1308 	EXP 	image: image = 'women1/8-original.jpg'
314.1308 	EXP 	image: autoDraw = True
318.8760 	EXP 	RatingScale rating: reset()
318.8883 	EXP 	image: autoDraw = False
318.8883 	EXP 	RatingText: text = 'Do you like this image?'
318.8883 	EXP 	rating: autoDraw = True
318.8883 	EXP 	RatingText: autoDraw = True
320.0385 	DATA 	Mouse: Left button down, pos=(585,307)
320.1399 	DATA 	Mouse:  Left button up, pos=(585,307)
320.7571 	DATA 	Mouse: Left button down, pos=(755,205)
320.7575 	DATA 	RatingScale rating: (mouse response) rating=Yes
320.7575 	DATA 	RatingScale rating: rating RT=1.878
320.7575 	DATA 	RatingScale rating: history=[(None, 0.0), ('Yes', 1.159), ('Yes', 1.878)]
320.7731 	EXP 	New trial (rep=0, index=32): OrderedDict([('Original', 'women1/9-original.jpg'), ('Scramble', 'women1/9-scramble.jpg')])
320.8938 	DATA 	Mouse:  Left button up, pos=(755,205)
320.9035 	EXP 	rating: autoDraw = False
320.9035 	EXP 	RatingText: autoDraw = False
320.9035 	EXP 	baselineImage: image = 'women1/9-scramble.jpg'
320.9035 	EXP 	baselineImage: autoDraw = True
322.9517 	EXP 	baselineImage: autoDraw = False
322.9517 	EXP 	image: image = 'women1/9-original.jpg'
322.9517 	EXP 	image: autoDraw = True
327.8212 	EXP 	RatingScale rating: reset()
327.8347 	EXP 	image: autoDraw = False
327.8347 	EXP 	RatingText: text = 'Do you like this image?'
327.8347 	EXP 	rating: autoDraw = True
327.8347 	EXP 	RatingText: autoDraw = True
329.2826 	DATA 	Mouse: Left button down, pos=(1088,315)
329.3960 	DATA 	Mouse:  Left button up, pos=(1088,315)
329.9305 	DATA 	Mouse: Left button down, pos=(842,200)
329.9309 	DATA 	RatingScale rating: (mouse response) rating=No
329.9309 	DATA 	RatingScale rating: rating RT=2.106
329.9309 	DATA 	RatingScale rating: history=[(None, 0.0), ('No', 1.458), ('No', 2.106)]
329.9594 	EXP 	rating: autoDraw = False
329.9594 	EXP 	RatingText: autoDraw = False
329.9594 	EXP 	ThanksText: autoDraw = True
330.0285 	DATA 	Mouse:  Left button up, pos=(842,200)
332.6648 	DATA 	Keypress: space
332.6758 	EXP 	ThanksText: autoDraw = False
332.7727 	EXP 	window1: mouseVisible = True
