12.8625 	EXP 	Created window1 = Window(allowGUI=True, allowStencil=False, args=UNKNOWN, autoLog=True, bitsMode=UNKNOWN, blendMode='avg', color=array([0., 0., 0.]), colorSpace='rgb', fullscr=<method-wrapper '__getattribute__' of attributeSetter object at 0x00000296C97D2EB8>, gamma=None, gammaErrorPolicy='raise', kwargs=UNKNOWN, lms=UNKNOWN, monitor=<psychopy.monitors.calibTools.Monitor object at 0x00000296CA8252E8>, multiSample=False, name='window1', numSamples=2, pos=[0.0, 0.0], screen=0, size=array([1680, 1050]), stereo=False, units='height', useFBO=True, useRetina=False, viewOri=0.0, viewPos=None, viewScale=None, waitBlanking=True, winType='pyglet')
12.8626 	EXP 	window1: recordFrameIntervals = False
13.0283 	EXP 	window1: recordFrameIntervals = True
13.2123 	EXP 	window1: recordFrameIntervals = False
13.5676 	EXP 	Created TODO = TextStim(__class__=<class 'psychopy.visual.text.TextStim'>, alignHoriz='center', alignVert='center', antialias=True, autoLog=True, bold=False, color='white', colorSpace='named', contrast=1.0, depth=0.0, flipHoriz=False, flipVert=False, font='Arial', fontFiles=[], height=0.05, italic=False, languageStyle='LTR', name='TODO', opacity=1.0, ori=0, pos=array([0., 0.]), rgb=array([255., 255., 255.]), text=str(...), units='height', win=Window(...), wrapWidth=1)
13.5697 	EXP 	Created baselineImage = ImageStim(__class__=<class 'psychopy.visual.image.ImageStim'>, autoLog=True, color=array([1., 1., 1.]), colorSpace='rgb', contrast=1.0, depth=0.0, flipHoriz=False, flipVert=False, image='sin', interpolate=True, mask=None, maskParams=None, name='baselineImage', opacity=1.0, ori=0.0, pos=array([0., 0.]), size=array([2.  , 1.33]), texRes=128, units='height', win=Window(...))
15.6929 	EXP 	Created image = ImageStim(__class__=<class 'psychopy.visual.image.ImageStim'>, autoLog=True, color=array([1., 1., 1.]), colorSpace='rgb', contrast=1.0, depth=0.0, flipHoriz=False, flipVert=False, image='sin', interpolate=True, mask=None, maskParams=None, name='image', opacity=1.0, ori=0.0, pos=array([0., 0.]), size=array([2.  , 1.33]), texRes=128, units='height', win=Window(...))
15.7652 	EXP 	Created rating = RatingScale(__class__=type(...), acceptKeys=['return'], acceptPreText=UNKNOWN, acceptSize=UNKNOWN, acceptText='accept?', autoLog=True, choices=['Yes', 'No'], depth=0, disappear=False, flipVert=False, high=1, kwargs=UNKNOWN, labels=list(...), leftKeys=['left'], lineColor='White', low=0, marker=ShapeStim(...), markerColor='DarkBlue', markerExpansion=UNKNOWN, markerStart=None, maxTime=0.0, minTime=0.4, mouseOnly=False, name='rating', noMouse=False, pos=[0.0, -0.4], precision=1, respKeys=['0', '1'], rightKeys=['right'], scale='<default>', self=UNKNOWN, showAccept=True, showValue=True, singleClick=False, size=0.6, skipKeys=['tab'], stretch=1.0, textColor='LightGray', textFont='Helvetica Bold', textSize=0.12, tickHeight=-1, tickMarks=1.0, win=Window(...))
15.7717 	EXP 	Created RatingText = TextStim(__class__=<class 'psychopy.visual.text.TextStim'>, alignHoriz='center', alignVert='center', antialias=True, autoLog=True, bold=False, color='white', colorSpace='named', contrast=1.0, depth=-2.0, flipHoriz=False, flipVert=False, font='Arial', fontFiles=[], height=0.05, italic=False, languageStyle='LTR', name='RatingText', opacity=1.0, ori=0, pos=array([0., 0.]), rgb=array([255., 255., 255.]), text='default text', units='height', win=Window(...), wrapWidth=1)
15.7896 	EXP 	Created ThanksText = TextStim(__class__=<class 'psychopy.visual.text.TextStim'>, alignHoriz='center', alignVert='center', antialias=True, autoLog=True, bold=False, color='white', colorSpace='named', contrast=1.0, depth=0.0, flipHoriz=False, flipVert=False, font='Arial', fontFiles=[], height=0.05, italic=False, languageStyle='LTR', name='ThanksText', opacity=1.0, ori=0, pos=array([0., 0.]), rgb=array([255., 255., 255.]), text=str(...), units='height', win=Window(...), wrapWidth=1)
15.8259 	EXP 	rating: flipVert = False
15.8259 	EXP 	rating: autoLog = True
15.8259 	EXP 	TODO: autoDraw = True
16.5855 	EXP 	Imported womenimgUrl.xlsx as conditions, 33 conditions, 2 params
16.5888 	EXP 	Created sequence: random, trialTypes=33, nReps=1, seed=None
16.5892 	EXP 	New trial (rep=0, index=0): OrderedDict([('Original', 'women1/26-original.jpg'), ('Scramble', 'women1/26-scramble.jpg')])
16.7850 	DATA 	Keypress: space
16.8009 	EXP 	TODO: autoDraw = False
16.8009 	EXP 	baselineImage: image = 'women1/26-scramble.jpg'
16.8009 	EXP 	baselineImage: autoDraw = True
18.7193 	EXP 	baselineImage: autoDraw = False
18.7193 	EXP 	image: image = 'women1/26-original.jpg'
18.7193 	EXP 	image: autoDraw = True
23.5856 	EXP 	RatingScale rating: reset()
23.6301 	EXP 	image: autoDraw = False
23.6301 	EXP 	RatingText: text = 'Do you like this image?'
23.6301 	EXP 	rating: autoDraw = True
23.6301 	EXP 	RatingText: autoDraw = True
24.3430 	DATA 	Mouse: Left button down, pos=(918,297)
24.4500 	DATA 	Mouse:  Left button up, pos=(918,297)
24.9801 	DATA 	Mouse: Left button down, pos=(763,164)
25.0924 	DATA 	Mouse:  Left button up, pos=(764,166)
25.2940 	DATA 	Mouse: Left button down, pos=(776,183)
25.2943 	DATA 	RatingScale rating: (mouse response) rating=No
25.2943 	DATA 	RatingScale rating: rating RT=1.685
25.2944 	DATA 	RatingScale rating: history=[(None, 0.0), ('No', 0.734), ('No', 1.685)]
25.3108 	EXP 	New trial (rep=0, index=1): OrderedDict([('Original', 'women1/28-original.jpg'), ('Scramble', 'women1/28-scramble.jpg')])
25.5045 	DATA 	Mouse:  Left button up, pos=(776,183)
25.5166 	EXP 	rating: autoDraw = False
25.5166 	EXP 	RatingText: autoDraw = False
25.5166 	EXP 	baselineImage: image = 'women1/28-scramble.jpg'
25.5166 	EXP 	baselineImage: autoDraw = True
27.5284 	EXP 	baselineImage: autoDraw = False
27.5284 	EXP 	image: image = 'women1/28-original.jpg'
27.5284 	EXP 	image: autoDraw = True
30.5748 	DATA 	Keypress: escape
31.0631 	EXP 	window1: mouseVisible = True
