9.6203 	EXP 	Created window1 = Window(allowGUI=True, allowStencil=False, args=UNKNOWN, autoLog=True, bitsMode=UNKNOWN, blendMode='avg', color=array([0., 0., 0.]), colorSpace='rgb', fullscr=<method-wrapper '__getattribute__' of attributeSetter object at 0x0000027F458E2EB8>, gamma=None, gammaErrorPolicy='raise', kwargs=UNKNOWN, lms=UNKNOWN, monitor=<psychopy.monitors.calibTools.Monitor object at 0x0000027F459652E8>, multiSample=False, name='window1', numSamples=2, pos=[0.0, 0.0], screen=0, size=array([1680, 1050]), stereo=False, units='height', useFBO=True, useRetina=False, viewOri=0.0, viewPos=None, viewScale=None, waitBlanking=True, winType='pyglet')
9.6204 	EXP 	window1: recordFrameIntervals = False
9.7856 	EXP 	window1: recordFrameIntervals = True
9.9695 	EXP 	window1: recordFrameIntervals = False
10.2860 	EXP 	Created TODO = TextStim(__class__=<class 'psychopy.visual.text.TextStim'>, alignHoriz='center', alignVert='center', antialias=True, autoLog=True, bold=False, color='white', colorSpace='named', contrast=1.0, depth=0.0, flipHoriz=False, flipVert=False, font='Arial', fontFiles=[], height=0.05, italic=False, languageStyle='LTR', name='TODO', opacity=1.0, ori=0, pos=array([0., 0.]), rgb=array([255., 255., 255.]), text=str(...), units='height', win=Window(...), wrapWidth=1)
10.2881 	EXP 	Created baselineImage = ImageStim(__class__=<class 'psychopy.visual.image.ImageStim'>, autoLog=True, color=array([1., 1., 1.]), colorSpace='rgb', contrast=1.0, depth=0.0, flipHoriz=False, flipVert=False, image='sin', interpolate=True, mask=None, maskParams=None, name='baselineImage', opacity=1.0, ori=0.0, pos=array([0., 0.]), size=array([2.  , 1.33]), texRes=128, units='height', win=Window(...))
12.3218 	EXP 	Created image = ImageStim(__class__=<class 'psychopy.visual.image.ImageStim'>, autoLog=True, color=array([1., 1., 1.]), colorSpace='rgb', contrast=1.0, depth=0.0, flipHoriz=False, flipVert=False, image='sin', interpolate=True, mask=None, maskParams=None, name='image', opacity=1.0, ori=0.0, pos=array([0., 0.]), size=array([2.  , 1.33]), texRes=128, units='height', win=Window(...))
12.4123 	EXP 	Created rating = RatingScale(__class__=type(...), acceptKeys=['return'], acceptPreText=UNKNOWN, acceptSize=UNKNOWN, acceptText='accept?', autoLog=True, choices=False, depth=0, disappear=False, flipVert=False, high=5, kwargs=UNKNOWN, labels=list(...), leftKeys=['left'], lineColor='White', low=1, marker=ShapeStim(...), markerColor='DarkBlue', markerExpansion=UNKNOWN, markerStart=None, maxTime=0.0, minTime=0.4, mouseOnly=False, name='rating', noMouse=False, pos=[0.0, -0.4], precision=1, respKeys=['1', '2', '3', '4', '5'], rightKeys=['right'], scale='<default>', self=UNKNOWN, showAccept=True, showValue=True, singleClick=False, size=0.6, skipKeys=['tab'], stretch=1.0, textColor='LightGray', textFont='Helvetica Bold', textSize=0.12, tickHeight=-1, tickMarks=4.0, win=Window(...))
12.4183 	EXP 	Created RatingText = TextStim(__class__=<class 'psychopy.visual.text.TextStim'>, alignHoriz='center', alignVert='center', antialias=True, autoLog=True, bold=False, color='white', colorSpace='named', contrast=1.0, depth=-2.0, flipHoriz=False, flipVert=False, font='Arial', fontFiles=[], height=0.05, italic=False, languageStyle='LTR', name='RatingText', opacity=1.0, ori=0, pos=array([0., 0.]), rgb=array([255., 255., 255.]), text='default text', units='height', win=Window(...), wrapWidth=1)
12.4354 	EXP 	Created ThanksText = TextStim(__class__=<class 'psychopy.visual.text.TextStim'>, alignHoriz='center', alignVert='center', antialias=True, autoLog=True, bold=False, color='white', colorSpace='named', contrast=1.0, depth=0.0, flipHoriz=False, flipVert=False, font='Arial', fontFiles=[], height=0.05, italic=False, languageStyle='LTR', name='ThanksText', opacity=1.0, ori=0, pos=array([0., 0.]), rgb=array([255., 255., 255.]), text=str(...), units='height', win=Window(...), wrapWidth=1)
12.4716 	EXP 	rating: flipVert = False
12.4716 	EXP 	rating: autoLog = True
12.4716 	EXP 	TODO: autoDraw = True
13.2078 	EXP 	Imported womenimgUrl.xlsx as conditions, 33 conditions, 2 params
13.2082 	EXP 	Created sequence: random, trialTypes=33, nReps=1, seed=None
13.2084 	EXP 	New trial (rep=0, index=0): OrderedDict([('Original', 'women1/26-original.jpg'), ('Scramble', 'women1/26-scramble.jpg')])
13.3833 	DATA 	Keypress: space
13.3973 	EXP 	TODO: autoDraw = False
13.3973 	EXP 	baselineImage: image = 'women1/26-scramble.jpg'
13.3973 	EXP 	baselineImage: autoDraw = True
15.4240 	EXP 	baselineImage: autoDraw = False
15.4240 	EXP 	image: image = 'women1/26-original.jpg'
15.4240 	EXP 	image: autoDraw = True
20.1824 	EXP 	RatingScale rating: reset()
20.2271 	EXP 	image: autoDraw = False
20.2271 	EXP 	RatingText: text = 'Do you like this image?'
20.2271 	EXP 	rating: autoDraw = True
20.2271 	EXP 	RatingText: autoDraw = True
23.6015 	DATA 	Mouse: Left button down, pos=(965,313)
23.6671 	DATA 	Mouse:  Left button up, pos=(965,313)
24.9537 	DATA 	Mouse: Left button down, pos=(864,192)
24.9540 	DATA 	RatingScale rating: (mouse response) rating=4
24.9540 	DATA 	RatingScale rating: rating RT=4.747
24.9541 	DATA 	RatingScale rating: history=[(None, 0.0), (4, 3.395), (4, 4.747)]
24.9705 	EXP 	New trial (rep=0, index=1): OrderedDict([('Original', 'women1/31-original.jpg'), ('Scramble', 'women1/31-scramble.jpg')])
25.1386 	DATA 	Mouse:  Left button up, pos=(864,192)
25.1505 	EXP 	rating: autoDraw = False
25.1505 	EXP 	RatingText: autoDraw = False
25.1505 	EXP 	baselineImage: image = 'women1/31-scramble.jpg'
25.1505 	EXP 	baselineImage: autoDraw = True
27.2080 	EXP 	baselineImage: autoDraw = False
27.2080 	EXP 	image: image = 'women1/31-original.jpg'
27.2080 	EXP 	image: autoDraw = True
28.1065 	DATA 	Keypress: escape
28.6029 	EXP 	window1: mouseVisible = True
