10.5986 	EXP 	Created window1 = Window(allowGUI=True, allowStencil=False, args=UNKNOWN, autoLog=True, bitsMode=UNKNOWN, blendMode='avg', color=array([0., 0., 0.]), colorSpace='rgb', fullscr=<method-wrapper '__getattribute__' of attributeSetter object at 0x000001BF23702E80>, gamma=None, gammaErrorPolicy='raise', kwargs=UNKNOWN, lms=UNKNOWN, monitor=<psychopy.monitors.calibTools.Monitor object at 0x000001BF237852B0>, multiSample=False, name='window1', numSamples=2, pos=[0.0, 0.0], screen=0, size=array([1680, 1050]), stereo=False, units='height', useFBO=True, useRetina=False, viewOri=0.0, viewPos=None, viewScale=None, waitBlanking=True, winType='pyglet')
10.5986 	EXP 	window1: recordFrameIntervals = False
10.7652 	EXP 	window1: recordFrameIntervals = True
10.9489 	EXP 	window1: recordFrameIntervals = False
11.2538 	EXP 	Created TODO = TextStim(__class__=<class 'psychopy.visual.text.TextStim'>, alignHoriz='center', alignVert='center', antialias=True, autoLog=True, bold=False, color='white', colorSpace='named', contrast=1.0, depth=0.0, flipHoriz=False, flipVert=False, font='Arial', fontFiles=[], height=0.05, italic=False, languageStyle='LTR', name='TODO', opacity=1.0, ori=0, pos=array([0., 0.]), rgb=array([255., 255., 255.]), text=str(...), units='height', win=Window(...), wrapWidth=1)
11.2560 	EXP 	Created baselineImage = ImageStim(__class__=<class 'psychopy.visual.image.ImageStim'>, autoLog=True, color=array([1., 1., 1.]), colorSpace='rgb', contrast=1.0, depth=0.0, flipHoriz=False, flipVert=False, image='sin', interpolate=True, mask=None, maskParams=None, name='baselineImage', opacity=1.0, ori=0.0, pos=array([0., 0.]), size=array([2.  , 1.33]), texRes=128, units='height', win=Window(...))
13.2879 	EXP 	Created image = ImageStim(__class__=<class 'psychopy.visual.image.ImageStim'>, autoLog=True, color=array([1., 1., 1.]), colorSpace='rgb', contrast=1.0, depth=0.0, flipHoriz=False, flipVert=False, image='sin', interpolate=True, mask=None, maskParams=None, name='image', opacity=1.0, ori=0.0, pos=array([0., 0.]), size=array([2.  , 1.33]), texRes=128, units='height', win=Window(...))
13.3306 	EXP 	Created rating = RatingScale(__class__=type(...), acceptKeys=['return'], acceptPreText=UNKNOWN, acceptSize=UNKNOWN, acceptText='accept?', autoLog=True, choices=['Yes', 'No'], depth=0, disappear=False, flipVert=False, high=1, kwargs=UNKNOWN, labels=list(...), leftKeys=['left'], lineColor='White', low=0, marker=ShapeStim(...), markerColor='DarkBlue', markerExpansion=UNKNOWN, markerStart=None, maxTime=0.0, minTime=0.4, mouseOnly=False, name='rating', noMouse=False, pos=[0.0, -0.4], precision=1, respKeys=['0', '1'], rightKeys=['right'], scale='<default>', self=UNKNOWN, showAccept=True, showValue=True, singleClick=False, size=0.6, skipKeys=['tab'], stretch=1.0, textColor='LightGray', textFont='Helvetica Bold', textSize=0.12, tickHeight=-1, tickMarks=1.0, win=Window(...))
13.3372 	EXP 	Created RatingText = TextStim(__class__=<class 'psychopy.visual.text.TextStim'>, alignHoriz='center', alignVert='center', antialias=True, autoLog=True, bold=False, color='white', colorSpace='named', contrast=1.0, depth=-2.0, flipHoriz=False, flipVert=False, font='Arial', fontFiles=[], height=0.05, italic=False, languageStyle='LTR', name='RatingText', opacity=1.0, ori=0, pos=array([0., 0.]), rgb=array([255., 255., 255.]), text='default text', units='height', win=Window(...), wrapWidth=1)
13.3566 	EXP 	Created ThanksText = TextStim(__class__=<class 'psychopy.visual.text.TextStim'>, alignHoriz='center', alignVert='center', antialias=True, autoLog=True, bold=False, color='white', colorSpace='named', contrast=1.0, depth=0.0, flipHoriz=False, flipVert=False, font='Arial', fontFiles=[], height=0.05, italic=False, languageStyle='LTR', name='ThanksText', opacity=1.0, ori=0, pos=array([0., 0.]), rgb=array([255., 255., 255.]), text=str(...), units='height', win=Window(...), wrapWidth=1)
13.3935 	EXP 	rating: flipVert = False
13.3935 	EXP 	rating: autoLog = True
13.3935 	EXP 	TODO: autoDraw = True
13.9717 	EXP 	Imported womenimgUrl.xlsx as conditions, 33 conditions, 2 params
13.9719 	EXP 	Created sequence: sequential, trialTypes=33, nReps=1, seed=None
13.9722 	EXP 	New trial (rep=0, index=0): OrderedDict([('Original', 'women1/1-original.jpg'), ('Scramble', 'women1/1-scramble.jpg')])
14.0945 	DATA 	Keypress: space
14.1053 	EXP 	TODO: autoDraw = False
14.1053 	EXP 	baselineImage: image = 'women1/1-scramble.jpg'
14.1053 	EXP 	baselineImage: autoDraw = True
16.1689 	EXP 	baselineImage: autoDraw = False
16.1689 	EXP 	image: image = 'women1/1-original.jpg'
16.1689 	EXP 	image: autoDraw = True
20.9438 	EXP 	RatingScale rating: reset()
20.9716 	EXP 	image: autoDraw = False
20.9716 	EXP 	RatingText: text = 'Do you like this image?'
20.9716 	EXP 	rating: autoDraw = True
20.9716 	EXP 	RatingText: autoDraw = True
22.4122 	DATA 	Mouse: Left button down, pos=(1081,323)
22.5119 	DATA 	Mouse:  Left button up, pos=(1081,323)
22.9635 	DATA 	Mouse: Left button down, pos=(863,197)
22.9637 	DATA 	RatingScale rating: (mouse response) rating=No
22.9638 	DATA 	RatingScale rating: rating RT=2.006
22.9638 	DATA 	RatingScale rating: history=[(None, 0.0), ('No', 1.455), ('No', 2.006)]
22.9794 	EXP 	New trial (rep=0, index=1): OrderedDict([('Original', 'women1/10-original.jpg'), ('Scramble', 'women1/10-scramble.jpg')])
23.1162 	DATA 	Mouse:  Left button up, pos=(863,197)
23.1281 	EXP 	rating: autoDraw = False
23.1281 	EXP 	RatingText: autoDraw = False
23.1281 	EXP 	baselineImage: image = 'women1/10-scramble.jpg'
23.1281 	EXP 	baselineImage: autoDraw = True
25.2035 	EXP 	baselineImage: autoDraw = False
25.2035 	EXP 	image: image = 'women1/10-original.jpg'
25.2035 	EXP 	image: autoDraw = True
26.6727 	DATA 	Keypress: escape
27.2504 	EXP 	window1: mouseVisible = True
