15.3439 	EXP 	Created window1 = Window(allowGUI=True, allowStencil=False, args=UNKNOWN, autoLog=True, bitsMode=UNKNOWN, blendMode='avg', color=array([0., 0., 0.]), colorSpace='rgb', fullscr=<method-wrapper '__getattribute__' of attributeSetter object at 0x000001DEBCA96C18>, gamma=None, gammaErrorPolicy='raise', kwargs=UNKNOWN, lms=UNKNOWN, monitor=<psychopy.monitors.calibTools.Monitor object at 0x000001DEBCB12FD0>, multiSample=False, name='window1', numSamples=2, pos=[0.0, 0.0], screen=0, size=array([1680, 1050]), stereo=False, units='height', useFBO=True, useRetina=False, viewOri=0.0, viewPos=None, viewScale=None, waitBlanking=True, winType='pyglet')
15.3440 	EXP 	window1: recordFrameIntervals = False
15.5093 	EXP 	window1: recordFrameIntervals = True
15.6933 	EXP 	window1: recordFrameIntervals = False
16.0105 	EXP 	Created TODO = TextStim(__class__=<class 'psychopy.visual.text.TextStim'>, alignHoriz='center', alignVert='center', antialias=True, autoLog=True, bold=False, color='white', colorSpace='named', contrast=1.0, depth=0.0, flipHoriz=False, flipVert=False, font='Arial', fontFiles=[], height=0.05, italic=False, languageStyle='LTR', name='TODO', opacity=1.0, ori=0, pos=array([0., 0.]), rgb=array([255., 255., 255.]), text=str(...), units='height', win=Window(...), wrapWidth=1)
16.0125 	EXP 	Created baselineImage = ImageStim(__class__=<class 'psychopy.visual.image.ImageStim'>, autoLog=True, color=array([1., 1., 1.]), colorSpace='rgb', contrast=1.0, depth=0.0, flipHoriz=False, flipVert=False, image='sin', interpolate=True, mask=None, maskParams=None, name='baselineImage', opacity=1.0, ori=0.0, pos=array([0., 0.]), size=array([2.  , 1.33]), texRes=128, units='height', win=Window(...))
18.0456 	EXP 	Created image = ImageStim(__class__=<class 'psychopy.visual.image.ImageStim'>, autoLog=True, color=array([1., 1., 1.]), colorSpace='rgb', contrast=1.0, depth=0.0, flipHoriz=False, flipVert=False, image='sin', interpolate=True, mask=None, maskParams=None, name='image', opacity=1.0, ori=0.0, pos=array([0., 0.]), size=array([2.  , 1.33]), texRes=128, units='height', win=Window(...))
18.1158 	EXP 	Created rating = RatingScale(__class__=type(...), acceptKeys=['return'], acceptPreText=UNKNOWN, acceptSize=UNKNOWN, acceptText='accept?', autoLog=True, choices=['Yes', 'No'], depth=0, disappear=False, flipVert=False, high=1, kwargs=UNKNOWN, labels=list(...), leftKeys=['left'], lineColor='White', low=0, marker=ShapeStim(...), markerColor='DarkBlue', markerExpansion=UNKNOWN, markerStart=None, maxTime=0.0, minTime=0.4, mouseOnly=False, name='rating', noMouse=False, pos=[0.0, -0.4], precision=1, respKeys=['0', '1'], rightKeys=['right'], scale='<default>', self=UNKNOWN, showAccept=True, showValue=True, singleClick=False, size=0.6, skipKeys=['tab'], stretch=1.0, textColor='LightGray', textFont='Helvetica Bold', textSize=0.12, tickHeight=-1, tickMarks=1.0, win=Window(...))
18.1218 	EXP 	Created RatingText = TextStim(__class__=<class 'psychopy.visual.text.TextStim'>, alignHoriz='center', alignVert='center', antialias=True, autoLog=True, bold=False, color='white', colorSpace='named', contrast=1.0, depth=-2.0, flipHoriz=False, flipVert=False, font='Arial', fontFiles=[], height=0.05, italic=False, languageStyle='LTR', name='RatingText', opacity=1.0, ori=0, pos=array([0., 0.]), rgb=array([255., 255., 255.]), text='default text', units='height', win=Window(...), wrapWidth=1)
18.1392 	EXP 	Created ThanksText = TextStim(__class__=<class 'psychopy.visual.text.TextStim'>, alignHoriz='center', alignVert='center', antialias=True, autoLog=True, bold=False, color='white', colorSpace='named', contrast=1.0, depth=0.0, flipHoriz=False, flipVert=False, font='Arial', fontFiles=[], height=0.05, italic=False, languageStyle='LTR', name='ThanksText', opacity=1.0, ori=0, pos=array([0., 0.]), rgb=array([255., 255., 255.]), text=str(...), units='height', win=Window(...), wrapWidth=1)
18.1745 	EXP 	rating: flipVert = False
18.1745 	EXP 	rating: autoLog = True
18.1745 	EXP 	TODO: autoDraw = True
19.2856 	DATA 	Mouse: Left button down, pos=(694,529)
19.3834 	DATA 	Mouse:  Left button up, pos=(694,529)
20.1834 	EXP 	Imported menimgUrl.xlsx as conditions, 29 conditions, 2 params
20.1837 	EXP 	Created sequence: sequential, trialTypes=29, nReps=1, seed=None
20.1840 	EXP 	New trial (rep=0, index=0): OrderedDict([('Blur', 'image/1-blur.jpg'), ('Original', 'image/1-original.jpg')])
20.7796 	DATA 	Keypress: space
20.7994 	EXP 	TODO: autoDraw = False
20.7994 	EXP 	baselineImage: image = 'image/1-blur.jpg'
20.7994 	EXP 	baselineImage: autoDraw = True
22.9737 	EXP 	baselineImage: autoDraw = False
22.9737 	EXP 	image: image = 'image/1-original.jpg'
22.9737 	EXP 	image: autoDraw = True
27.6016 	EXP 	RatingScale rating: reset()
27.6491 	EXP 	image: autoDraw = False
27.6491 	EXP 	RatingText: text = 'Do you like this image?'
27.6491 	EXP 	rating: autoDraw = True
27.6491 	EXP 	RatingText: autoDraw = True
28.7095 	DATA 	Mouse: Left button down, pos=(604,318)
28.8111 	DATA 	Mouse:  Left button up, pos=(604,315)
30.6100 	DATA 	Mouse: Left button down, pos=(800,197)
30.6103 	DATA 	RatingScale rating: (mouse response) rating=Yes
30.6104 	DATA 	RatingScale rating: rating RT=2.980
30.6104 	DATA 	RatingScale rating: history=[(None, 0.0), ('Yes', 1.08), ('Yes', 2.98)]
30.6257 	EXP 	New trial (rep=0, index=1): OrderedDict([('Blur', 'image/2-blur.jpg'), ('Original', 'image/2-original.jpg')])
31.1992 	DATA 	Mouse:  Left button up, pos=(800,197)
31.2102 	EXP 	rating: autoDraw = False
31.2102 	EXP 	RatingText: autoDraw = False
31.2102 	EXP 	baselineImage: image = 'image/2-blur.jpg'
31.2102 	EXP 	baselineImage: autoDraw = True
32.5958 	EXP 	window1: mouseVisible = True
